#
# A fatal error has been detected by the Java Runtime Environment:
#
#  SIGSEGV (0xb) at pc=0x00007fbf2771b45d, pid=470, tid=0x00007fbf030d5700
#
# JRE version: OpenJDK Runtime Environment (8.0_222-b10) (build 1.8.0_222-8u222-b10-1ubuntu1~18.04.1-b10)
# Java VM: OpenJDK 64-Bit Server VM (25.222-b10 mixed mode linux-amd64 compressed oops)
# Problematic frame:
# V  [libjvm.so+0x69645d]
#
# Failed to write core dump. Core dumps have been disabled. To enable core dumping, try "ulimit -c unlimited" before starting Java again
#
# If you would like to submit a bug report, please visit:
#   http://bugreport.java.com/bugreport/crash.jsp
#

---------------  T H R E A D  ---------------

Current thread (0x00007fbf2023d000):  JavaThread "Thread-3" [_thread_in_vm, id=493, stack(0x00007fbf02fd5000,0x00007fbf030d6000)]

siginfo: si_signo: 11 (SIGSEGV), si_code: 1 (SEGV_MAPERR), si_addr: 0x0000000000000000

Registers:
RAX=0x0000000000000000, RBX=0x00007fbf2023d000, RCX=0x00007fbf030d46c0, RDX=0x00007fbf27ff0638
RSP=0x00007fbf030d4350, RBP=0x00007fbf030d43d0, RSI=0x0000000000000000, RDI=0x00007fbf2023d000
R8 =0x00007fbf030d46b8, R9 =0x00007fbf030d45f0, R10=0x0000000000000008, R11=0x00007fbf02333b20
R12=0x0000000000000000, R13=0x0000000000000000, R14=0x00007fbf2023d1e0, R15=0x00007fbf030d46c0
RIP=0x00007fbf2771b45d, EFLAGS=0x0000000000010246, CSGSFS=0x002b000000000033, ERR=0x0000000000000004
  TRAPNO=0x000000000000000e

Top of Stack: (sp=0x00007fbf030d4350)
0x00007fbf030d4350:   00007fbf2023d000 0000000000000000
0x00007fbf030d4360:   000000000000000e ffffffffffffffff
0x00007fbf030d4370:   00b7061006101a12 00bd07101b00b30e
0x00007fbf030d4380:   07071612590400bb 00bb1700b30e00b7
0x00007fbf030d4390:   590400bb1100b30e 582f8a37558ac200
0x00007fbf030d43a0:   00325f64616f6c61 00007fbf2023d1e0
0x00007fbf030d43b0:   0000000000000000 00007fbf0ade99a0
0x00007fbf030d43c0:   00007fbf030d46b8 00007fbf030d46c0
0x00007fbf030d43d0:   00007fbf030d45e0 00007fbf02333b6e
0x00007fbf030d43e0:   0000000000000000 0000000000000000
0x00007fbf030d43f0:   0000000000000000 0000000000000000
0x00007fbf030d4400:   0000000000000000 00007fbe9c01f330
0x00007fbf030d4410:   cafebabecafebabe 00007fbf030d46b8
0x00007fbf030d4420:   0000000000000000 0000000000000000
0x00007fbf030d4430:   00007fbf030d45f0 00007fbf11061220
0x00007fbf030d4440:   0000000000000000 00007fbf11061267
0x00007fbf030d4450:   00007fbf11061620 00007fbf030d46c0
0x00007fbf030d4460:   0000000000000000 0000000000000000
0x00007fbf030d4470:   00007fbf11061220 00007fbf20010000
0x00007fbf030d4480:   0000000000000002 0000000000000000
0x00007fbf030d4490:   0000000000000000 0000000000000000
0x00007fbf030d44a0:   0000000000000000 0000000000000000
0x00007fbf030d44b0:   0000000000000000 0000000000000000
0x00007fbf030d44c0:   0000000000000000 0000000000000000
0x00007fbf030d44d0:   0000000000000000 0000000000000000
0x00007fbf030d44e0:   0000000000000000 0000000000000000
0x00007fbf030d44f0:   0000000000000000 0000000000000000
0x00007fbf030d4500:   0000000000000000 0000000000000000
0x00007fbf030d4510:   0000000000000000 0000000000000000
0x00007fbf030d4520:   0000000000000000 0000000000000000
0x00007fbf030d4530:   0000000000000000 0000000000000000
0x00007fbf030d4540:   0000000000000000 0000000000000000 

Instructions: (pc=0x00007fbf2771b45d)
0x00007fbf2771b43d:   5d 80 48 c7 45 88 00 00 00 00 74 09 48 8d 7d 80
0x00007fbf2771b44d:   e8 6e 8c 2b 00 90 41 f6 c5 01 0f 85 43 01 00 00
0x00007fbf2771b45d:   4d 8b 75 00 48 8d 05 4c 0b 8d 00 48 8d 15 7b f5
0x00007fbf2771b46d:   8c 00 48 63 00 4c 01 f0 80 3a 00 74 1e 8b 00 85 

Register to memory mapping:

RAX=0x0000000000000000 is an unknown value
RBX=0x00007fbf2023d000 is a thread
RCX=0x00007fbf030d46c0 is pointing into the stack for thread: 0x00007fbf2023d000
RDX=0x00007fbf27ff0638: <offset 0xf6b638> in /usr/lib/jvm/java-8-openjdk-amd64/jre/lib/amd64/server/libjvm.so at 0x00007fbf27085000
RSP=0x00007fbf030d4350 is pointing into the stack for thread: 0x00007fbf2023d000
RBP=0x00007fbf030d43d0 is pointing into the stack for thread: 0x00007fbf2023d000
RSI=0x0000000000000000 is an unknown value
RDI=0x00007fbf2023d000 is a thread
R8 =0x00007fbf030d46b8 is pointing into the stack for thread: 0x00007fbf2023d000
R9 =0x00007fbf030d45f0 is pointing into the stack for thread: 0x00007fbf2023d000
R10=0x0000000000000008 is an unknown value
R11=0x00007fbf02333b20: _Z19rocksdb_open_helperP7JNIEnv_lP8_jstringP13_jobjectArrayP11_jlongArraySt8functionIFN7rocksdb6StatusERKNS8_9DBOptionsERKSsRKSt6vectorINS8_22ColumnFamilyDescriptorESaISG_EEPSF_IPNS8_18ColumnFamilyHandleESaISM_EEPPNS8_2DBEEE+0 in /tmp/librocksdbjni7909604957620755902.so at 0x00007fbf0207d000
R12=0x0000000000000000 is an unknown value
R13=0x0000000000000000 is an unknown value
R14=0x00007fbf2023d1e0 is an unknown value
R15=0x00007fbf030d46c0 is pointing into the stack for thread: 0x00007fbf2023d000


Stack: [0x00007fbf02fd5000,0x00007fbf030d6000],  sp=0x00007fbf030d4350,  free space=1020k
Native frames: (J=compiled Java code, j=interpreted, Vv=VM code, C=native code)
V  [libjvm.so+0x69645d]
C  [librocksdbjni7909604957620755902.so+0x2b6b6e]  rocksdb_open_helper(JNIEnv_*, long, _jstring*, _jobjectArray*, _jlongArray*, std::function<rocksdb::Status (rocksdb::DBOptions const&, std::string const&, std::vector<rocksdb::ColumnFamilyDescriptor, std::allocator<rocksdb::ColumnFamilyDescriptor> > const&, std::vector<rocksdb::ColumnFamilyHandle*, std::allocator<rocksdb::ColumnFamilyHandle*> >*, rocksdb::DB**)>)+0x4e
C  [librocksdbjni7909604957620755902.so+0x2b79b4]  Java_org_rocksdb_RocksDB_open__JLjava_lang_String_2_3_3B_3J+0x44
j  org.rocksdb.RocksDB.open(JLjava/lang/String;[[B[J)[J+0
j  org.rocksdb.RocksDB.open(Lorg/rocksdb/DBOptions;Ljava/lang/String;Ljava/util/List;Ljava/util/List;)Lorg/rocksdb/RocksDB;+86
j  com.yahoo.ycsb.db.rocksdb.RocksDBClient.initRocksDB()Lorg/rocksdb/RocksDB;+394
j  com.yahoo.ycsb.db.rocksdb.RocksDBClient.init()V+86
j  com.yahoo.ycsb.DBWrapper.init()V+18
j  com.yahoo.ycsb.ClientThread.run()V+4
j  java.lang.Thread.run()V+11
v  ~StubRoutines::call_stub
V  [libjvm.so+0x6820ea]
V  [libjvm.so+0x67f6cb]
V  [libjvm.so+0x67fcb7]
V  [libjvm.so+0x6c6c2b]
V  [libjvm.so+0xa56023]
V  [libjvm.so+0xa571e8]
V  [libjvm.so+0x8f0732]
C  [libpthread.so.0+0x76db]  start_thread+0xdb

Java frames: (J=compiled Java code, j=interpreted, Vv=VM code)
j  org.rocksdb.RocksDB.open(JLjava/lang/String;[[B[J)[J+0
j  org.rocksdb.RocksDB.open(Lorg/rocksdb/DBOptions;Ljava/lang/String;Ljava/util/List;Ljava/util/List;)Lorg/rocksdb/RocksDB;+86
j  com.yahoo.ycsb.db.rocksdb.RocksDBClient.initRocksDB()Lorg/rocksdb/RocksDB;+394
j  com.yahoo.ycsb.db.rocksdb.RocksDBClient.init()V+86
j  com.yahoo.ycsb.DBWrapper.init()V+18
j  com.yahoo.ycsb.ClientThread.run()V+4
j  java.lang.Thread.run()V+11
v  ~StubRoutines::call_stub

---------------  P R O C E S S  ---------------

Java Threads: ( => current thread )
=>0x00007fbf2023d000 JavaThread "Thread-3" [_thread_in_vm, id=493, stack(0x00007fbf02fd5000,0x00007fbf030d6000)]
  0x00007fbf20236800 JavaThread "Thread-2" [_thread_blocked, id=492, stack(0x00007fbf032ed000,0x00007fbf033ee000)]
  0x00007fbf200d3000 JavaThread "Service Thread" daemon [_thread_blocked, id=489, stack(0x00007fbf080dd000,0x00007fbf081de000)]
  0x00007fbf200c8800 JavaThread "C1 CompilerThread3" daemon [_thread_blocked, id=488, stack(0x00007fbf081df000,0x00007fbf082df000)]
  0x00007fbf200c6000 JavaThread "C2 CompilerThread2" daemon [_thread_blocked, id=487, stack(0x00007fbf082e0000,0x00007fbf083e0000)]
  0x00007fbf200c4800 JavaThread "C2 CompilerThread1" daemon [_thread_blocked, id=486, stack(0x00007fbf083e1000,0x00007fbf084e1000)]
  0x00007fbf200c1800 JavaThread "C2 CompilerThread0" daemon [_thread_blocked, id=485, stack(0x00007fbf084e2000,0x00007fbf085e2000)]
  0x00007fbf200c0000 JavaThread "Signal Dispatcher" daemon [_thread_blocked, id=484, stack(0x00007fbf085e2000,0x00007fbf086e3000)]
  0x00007fbf2008d800 JavaThread "Finalizer" daemon [_thread_blocked, id=483, stack(0x00007fbf086e3000,0x00007fbf087e4000)]
  0x00007fbf2008b000 JavaThread "Reference Handler" daemon [_thread_blocked, id=482, stack(0x00007fbf087e4000,0x00007fbf088e5000)]
  0x00007fbf2000b800 JavaThread "main" [_thread_blocked, id=471, stack(0x00007fbf28d51000,0x00007fbf28e51000)]

Other Threads:
  0x00007fbf20081800 VMThread [stack: 0x00007fbf088e6000,0x00007fbf089e6000] [id=481]
  0x00007fbf200d5800 WatcherThread [stack: 0x00007fbf033ef000,0x00007fbf034ef000] [id=490]

VM state:not at safepoint (normal execution)

VM Mutex/Monitor currently owned by a thread: None

heap address: 0x00000005cb600000, size: 8010 MB, Compressed Oops mode: Zero based, Oop shift amount: 3
Narrow klass base: 0x0000000000000000, Narrow klass shift: 3
Compressed class space size: 1073741824 Address: 0x00000007c0000000

Heap:
 PSYoungGen      total 150016K, used 16515K [0x0000000719200000, 0x0000000723900000, 0x00000007c0000000)
  eden space 129024K, 12% used [0x0000000719200000,0x000000071a220c50,0x0000000721000000)
  from space 20992K, 0% used [0x0000000722480000,0x0000000722480000,0x0000000723900000)
  to   space 20992K, 0% used [0x0000000721000000,0x0000000721000000,0x0000000722480000)
 ParOldGen       total 343040K, used 0K [0x00000005cb600000, 0x00000005e0500000, 0x0000000719200000)
  object space 343040K, 0% used [0x00000005cb600000,0x00000005cb600000,0x00000005e0500000)
 Metaspace       used 6874K, capacity 7050K, committed 7296K, reserved 1056768K
  class space    used 747K, capacity 825K, committed 896K, reserved 1048576K

Card table byte_map: [0x00007fbf2434f000,0x00007fbf252f5000] byte_map_base: 0x00007fbf214f4000

Marking Bits: (ParMarkBitMap*) 0x00007fbf27ff4360
 Begin Bits: [0x00007fbec45b0000, 0x00007fbecc2d8000)
 End Bits:   [0x00007fbecc2d8000, 0x00007fbed4000000)

Polling page: 0x00007fbf28e75000

CodeCache: size=245760Kb used=1960Kb max_used=1960Kb free=243799Kb
 bounds [0x00007fbf11000000, 0x00007fbf11270000, 0x00007fbf20000000]
 total_blobs=766 nmethods=412 adapters=269
 compilation: enabled

Compilation events (10 events):
Event: 0.195 Thread 0x00007fbf200c8800  408       3       java.util.WeakHashMap::hash (28 bytes)
Event: 0.195 Thread 0x00007fbf200c8800 nmethod 408 0x00007fbf111e88d0 code [0x00007fbf111e8a40, 0x00007fbf111e8c88]
Event: 0.195 Thread 0x00007fbf200c8800  409       3       java.util.WeakHashMap::getTable (9 bytes)
Event: 0.195 Thread 0x00007fbf200c8800 nmethod 409 0x00007fbf111e8510 code [0x00007fbf111e8680, 0x00007fbf111e8828]
Event: 0.195 Thread 0x00007fbf200c8800  410   !   3       java.util.WeakHashMap::expungeStaleEntries (139 bytes)
Event: 0.195 Thread 0x00007fbf200c8800 nmethod 410 0x00007fbf111e7110 code [0x00007fbf111e72e0, 0x00007fbf111e7e08]
Event: 0.195 Thread 0x00007fbf200c8800  411       3       java.util.WeakHashMap::indexFor (6 bytes)
Event: 0.195 Thread 0x00007fbf200c8800 nmethod 411 0x00007fbf111ea0d0 code [0x00007fbf111ea220, 0x00007fbf111ea350]
Event: 0.201 Thread 0x00007fbf200c8800  412       1       sun.misc.URLClassPath$JarLoader::access$600 (5 bytes)
Event: 0.201 Thread 0x00007fbf200c8800 nmethod 412 0x00007fbf111ea3d0 code [0x00007fbf111ea520, 0x00007fbf111ea610]

GC Heap History (0 events):
No events

Deoptimization events (0 events):
No events

Classes redefined (0 events):
No events

Internal exceptions (10 events):
Event: 0.054 Thread 0x00007fbf2000b800 Exception <a 'java/security/PrivilegedActionException'> (0x00000007192f1888) thrown at [/build/openjdk-8-OqY7zN/openjdk-8-8u222-b10/src/hotspot/src/share/vm/prims/jvm.cpp, line 1502]
Event: 0.054 Thread 0x00007fbf2000b800 Exception <a 'java/security/PrivilegedActionException'> (0x00000007192f1a98) thrown at [/build/openjdk-8-OqY7zN/openjdk-8-8u222-b10/src/hotspot/src/share/vm/prims/jvm.cpp, line 1502]
Event: 0.054 Thread 0x00007fbf2000b800 Exception <a 'java/security/PrivilegedActionException'> (0x00000007192f2570) thrown at [/build/openjdk-8-OqY7zN/openjdk-8-8u222-b10/src/hotspot/src/share/vm/prims/jvm.cpp, line 1502]
Event: 0.054 Thread 0x00007fbf2000b800 Exception <a 'java/security/PrivilegedActionException'> (0x00000007192f2780) thrown at [/build/openjdk-8-OqY7zN/openjdk-8-8u222-b10/src/hotspot/src/share/vm/prims/jvm.cpp, line 1502]
Event: 0.070 Thread 0x00007fbf2000b800 Exception <a 'java/lang/NoClassDefFoundError': org/apache/log4j/Category> (0x00000007193eb290) thrown at [/build/openjdk-8-OqY7zN/openjdk-8-8u222-b10/src/hotspot/src/share/vm/classfile/systemDictionary.cpp, line 199]
Event: 0.083 Thread 0x00007fbf201ac800 Exception <a 'java/lang/InterruptedException': sleep interrupted> (0x000000071980a458) thrown at [/build/openjdk-8-OqY7zN/openjdk-8-8u222-b10/src/hotspot/src/share/vm/prims/jvm.cpp, line 3336]
Event: 0.092 Thread 0x00007fbf2000b800 Exception <a 'java/lang/NoClassDefFoundError': org/slf4j/impl/StaticLoggerBinder> (0x0000000719b1e3c0) thrown at [/build/openjdk-8-OqY7zN/openjdk-8-8u222-b10/src/hotspot/src/share/vm/classfile/systemDictionary.cpp, line 199]
Event: 0.124 Thread 0x00007fbf2023d000 Exception <a 'java/lang/NoSuchFieldError': method resolution failed> (0x000000071a06e5c8) thrown at [/build/openjdk-8-OqY7zN/openjdk-8-8u222-b10/src/hotspot/src/share/vm/prims/methodHandles.cpp, line 1167]
Event: 0.125 Thread 0x00007fbf2023d000 Exception <a 'java/lang/NoSuchFieldError': method resolution failed> (0x000000071a07b8e8) thrown at [/build/openjdk-8-OqY7zN/openjdk-8-8u222-b10/src/hotspot/src/share/vm/prims/methodHandles.cpp, line 1167]
Event: 0.136 Thread 0x00007fbf2023d000 Exception <a 'sun/nio/fs/UnixException'> (0x000000071a0f8640) thrown at [/build/openjdk-8-OqY7zN/openjdk-8-8u222-b10/src/hotspot/src/share/vm/prims/jni.cpp, line 710]

Events (10 events):
Event: 0.154 loading class java/io/DeleteOnExitHook$1
Event: 0.154 loading class java/io/DeleteOnExitHook$1 done
Event: 0.155 loading class java/nio/file/StandardCopyOption
Event: 0.155 loading class java/nio/file/StandardCopyOption done
Event: 0.155 loading class java/nio/channels/Channels$1
Event: 0.155 loading class java/nio/channels/Channels$1 done
Event: 0.201 loading class org/rocksdb/ColumnFamilyDescriptor
Event: 0.201 loading class org/rocksdb/ColumnFamilyDescriptor done
Event: 0.203 loading class org/rocksdb/InfoLogLevel
Event: 0.203 loading class org/rocksdb/InfoLogLevel done


Dynamic libraries:
5cb600000-5e0500000 rw-p 00000000 00:00 0 
5e0500000-719200000 ---p 00000000 00:00 0 
719200000-723900000 rw-p 00000000 00:00 0 
723900000-7c0000000 ---p 00000000 00:00 0 
7c0000000-7c00e0000 rw-p 00000000 00:00 0 
7c00e0000-800000000 ---p 00000000 00:00 0 
561312780000-561312781000 r-xp 00000000 08:02 927431                     /usr/lib/jvm/java-8-openjdk-amd64/jre/bin/java
561312980000-561312981000 r--p 00000000 08:02 927431                     /usr/lib/jvm/java-8-openjdk-amd64/jre/bin/java
561312981000-561312982000 rw-p 00001000 08:02 927431                     /usr/lib/jvm/java-8-openjdk-amd64/jre/bin/java
5613133de000-5613133ff000 rw-p 00000000 00:00 0                          [heap]
7fbe50000000-7fbe50021000 rw-p 00000000 00:00 0 
7fbe50021000-7fbe54000000 ---p 00000000 00:00 0 
7fbe58000000-7fbe58021000 rw-p 00000000 00:00 0 
7fbe58021000-7fbe5c000000 ---p 00000000 00:00 0 
7fbe5c000000-7fbe5c021000 rw-p 00000000 00:00 0 
7fbe5c021000-7fbe60000000 ---p 00000000 00:00 0 
7fbe60000000-7fbe60021000 rw-p 00000000 00:00 0 
7fbe60021000-7fbe64000000 ---p 00000000 00:00 0 
7fbe64000000-7fbe64021000 rw-p 00000000 00:00 0 
7fbe64021000-7fbe68000000 ---p 00000000 00:00 0 
7fbe68000000-7fbe68021000 rw-p 00000000 00:00 0 
7fbe68021000-7fbe6c000000 ---p 00000000 00:00 0 
7fbe6c000000-7fbe6c021000 rw-p 00000000 00:00 0 
7fbe6c021000-7fbe70000000 ---p 00000000 00:00 0 
7fbe70000000-7fbe70021000 rw-p 00000000 00:00 0 
7fbe70021000-7fbe74000000 ---p 00000000 00:00 0 
7fbe74000000-7fbe74021000 rw-p 00000000 00:00 0 
7fbe74021000-7fbe78000000 ---p 00000000 00:00 0 
7fbe78000000-7fbe78021000 rw-p 00000000 00:00 0 
7fbe78021000-7fbe7c000000 ---p 00000000 00:00 0 
7fbe7c000000-7fbe7c021000 rw-p 00000000 00:00 0 
7fbe7c021000-7fbe80000000 ---p 00000000 00:00 0 
7fbe80000000-7fbe80021000 rw-p 00000000 00:00 0 
7fbe80021000-7fbe84000000 ---p 00000000 00:00 0 
7fbe84000000-7fbe84021000 rw-p 00000000 00:00 0 
7fbe84021000-7fbe88000000 ---p 00000000 00:00 0 
7fbe88000000-7fbe88021000 rw-p 00000000 00:00 0 
7fbe88021000-7fbe8c000000 ---p 00000000 00:00 0 
7fbe8c000000-7fbe8c021000 rw-p 00000000 00:00 0 
7fbe8c021000-7fbe90000000 ---p 00000000 00:00 0 
7fbe90000000-7fbe90021000 rw-p 00000000 00:00 0 
7fbe90021000-7fbe94000000 ---p 00000000 00:00 0 
7fbe94000000-7fbe94021000 rw-p 00000000 00:00 0 
7fbe94021000-7fbe98000000 ---p 00000000 00:00 0 
7fbe98000000-7fbe98023000 rw-p 00000000 00:00 0 
7fbe98023000-7fbe9c000000 ---p 00000000 00:00 0 
7fbe9c000000-7fbe9c3b0000 rw-p 00000000 00:00 0 
7fbe9c3b0000-7fbea0000000 ---p 00000000 00:00 0 
7fbea0000000-7fbea0021000 rw-p 00000000 00:00 0 
7fbea0021000-7fbea4000000 ---p 00000000 00:00 0 
7fbea4000000-7fbea4021000 rw-p 00000000 00:00 0 
7fbea4021000-7fbea8000000 ---p 00000000 00:00 0 
7fbea8000000-7fbea8091000 rw-p 00000000 00:00 0 
7fbea8091000-7fbeac000000 ---p 00000000 00:00 0 
7fbeac000000-7fbeac247000 rw-p 00000000 00:00 0 
7fbeac247000-7fbeb0000000 ---p 00000000 00:00 0 
7fbeb0000000-7fbeb0079000 rw-p 00000000 00:00 0 
7fbeb0079000-7fbeb4000000 ---p 00000000 00:00 0 
7fbeb4000000-7fbeb4021000 rw-p 00000000 00:00 0 
7fbeb4021000-7fbeb8000000 ---p 00000000 00:00 0 
7fbeb8000000-7fbeb8021000 rw-p 00000000 00:00 0 
7fbeb8021000-7fbebc000000 ---p 00000000 00:00 0 
7fbebc000000-7fbebc021000 rw-p 00000000 00:00 0 
7fbebc021000-7fbec0000000 ---p 00000000 00:00 0 
7fbec0000000-7fbec0021000 rw-p 00000000 00:00 0 
7fbec0021000-7fbec4000000 ---p 00000000 00:00 0 
7fbec45b0000-7fbed4000000 rw-p 00000000 00:00 0 
7fbed4000000-7fbed4021000 rw-p 00000000 00:00 0 
7fbed4021000-7fbed8000000 ---p 00000000 00:00 0 
7fbed8000000-7fbed8021000 rw-p 00000000 00:00 0 
7fbed8021000-7fbedc000000 ---p 00000000 00:00 0 
7fbedc000000-7fbedc021000 rw-p 00000000 00:00 0 
7fbedc021000-7fbee0000000 ---p 00000000 00:00 0 
7fbee4000000-7fbee4021000 rw-p 00000000 00:00 0 
7fbee4021000-7fbee8000000 ---p 00000000 00:00 0 
7fbeec000000-7fbeec021000 rw-p 00000000 00:00 0 
7fbeec021000-7fbef0000000 ---p 00000000 00:00 0 
7fbef0ffa000-7fbef0ffb000 ---p 00000000 00:00 0 
7fbef0ffb000-7fbef17fb000 rw-p 00000000 00:00 0 
7fbef17fb000-7fbef17fc000 ---p 00000000 00:00 0 
7fbef17fc000-7fbef1ffc000 rw-p 00000000 00:00 0 
7fbef1ffc000-7fbef1ffd000 ---p 00000000 00:00 0 
7fbef1ffd000-7fbef27fd000 rw-p 00000000 00:00 0 
7fbef27fd000-7fbef27fe000 ---p 00000000 00:00 0 
7fbef27fe000-7fbef2ffe000 rw-p 00000000 00:00 0 
7fbef2ffe000-7fbef2fff000 ---p 00000000 00:00 0 
7fbef2fff000-7fbef37ff000 rw-p 00000000 00:00 0 
7fbef37ff000-7fbef3800000 ---p 00000000 00:00 0 
7fbef3800000-7fbef4000000 rw-p 00000000 00:00 0 
7fbef4000000-7fbef4021000 rw-p 00000000 00:00 0 
7fbef4021000-7fbef8000000 ---p 00000000 00:00 0 
7fbef87f9000-7fbef87fa000 ---p 00000000 00:00 0 
7fbef87fa000-7fbef8ffa000 rw-p 00000000 00:00 0 
7fbef8ffa000-7fbef8ffb000 ---p 00000000 00:00 0 
7fbef8ffb000-7fbef97fb000 rw-p 00000000 00:00 0 
7fbef97fb000-7fbef97fc000 ---p 00000000 00:00 0 
7fbef97fc000-7fbef9ffc000 rw-p 00000000 00:00 0 
7fbef9ffc000-7fbef9ffd000 ---p 00000000 00:00 0 
7fbef9ffd000-7fbefa7fd000 rw-p 00000000 00:00 0 
7fbefa7fd000-7fbefa7fe000 ---p 00000000 00:00 0 
7fbefa7fe000-7fbefaffe000 rw-p 00000000 00:00 0 
7fbefaffe000-7fbefafff000 ---p 00000000 00:00 0 
7fbefafff000-7fbefb7ff000 rw-p 00000000 00:00 0 
7fbefb7ff000-7fbefb800000 ---p 00000000 00:00 0 
7fbefb800000-7fbefc000000 rw-p 00000000 00:00 0 
7fbefc000000-7fbefc021000 rw-p 00000000 00:00 0 
7fbefc021000-7fbf00000000 ---p 00000000 00:00 0 
7fbf00079000-7fbf0007a000 ---p 00000000 00:00 0 
7fbf0007a000-7fbf0087a000 rw-p 00000000 00:00 0 
7fbf0087a000-7fbf0087b000 ---p 00000000 00:00 0 
7fbf0087b000-7fbf0107b000 rw-p 00000000 00:00 0 
7fbf0107b000-7fbf0107c000 ---p 00000000 00:00 0 
7fbf0107c000-7fbf0187c000 rw-p 00000000 00:00 0 
7fbf0187c000-7fbf0187d000 ---p 00000000 00:00 0 
7fbf0187d000-7fbf0207d000 rw-p 00000000 00:00 0 
7fbf0207d000-7fbf0271e000 r-xp 00000000 08:02 5245955                    /tmp/librocksdbjni7909604957620755902.so
7fbf0271e000-7fbf0291d000 ---p 006a1000 08:02 5245955                    /tmp/librocksdbjni7909604957620755902.so
7fbf0291d000-7fbf02938000 rw-p 006a0000 08:02 5245955                    /tmp/librocksdbjni7909604957620755902.so
7fbf02938000-7fbf02940000 rw-p 00000000 00:00 0 
7fbf02940000-7fbf029ba000 r-xp 00000000 08:02 526394                     /usr/lib/x86_64-linux-gnu/libzstd.so.1.3.3
7fbf029ba000-7fbf02bb9000 ---p 0007a000 08:02 526394                     /usr/lib/x86_64-linux-gnu/libzstd.so.1.3.3
7fbf02bb9000-7fbf02bba000 r--p 00079000 08:02 526394                     /usr/lib/x86_64-linux-gnu/libzstd.so.1.3.3
7fbf02bba000-7fbf02bbb000 rw-p 0007a000 08:02 526394                     /usr/lib/x86_64-linux-gnu/libzstd.so.1.3.3
7fbf02bbb000-7fbf02bc2000 r-xp 00000000 08:02 538212                     /usr/lib/x86_64-linux-gnu/libsnappy.so.1.1.7
7fbf02bc2000-7fbf02dc1000 ---p 00007000 08:02 538212                     /usr/lib/x86_64-linux-gnu/libsnappy.so.1.1.7
7fbf02dc1000-7fbf02dc2000 r--p 00006000 08:02 538212                     /usr/lib/x86_64-linux-gnu/libsnappy.so.1.1.7
7fbf02dc2000-7fbf02dc3000 rw-p 00007000 08:02 538212                     /usr/lib/x86_64-linux-gnu/libsnappy.so.1.1.7
7fbf02dc3000-7fbf02dd4000 r-xp 00000000 08:02 1056056                    /usr/lib/jvm/java-8-openjdk-amd64/jre/lib/amd64/libnio.so
7fbf02dd4000-7fbf02fd3000 ---p 00011000 08:02 1056056                    /usr/lib/jvm/java-8-openjdk-amd64/jre/lib/amd64/libnio.so
7fbf02fd3000-7fbf02fd4000 r--p 00010000 08:02 1056056                    /usr/lib/jvm/java-8-openjdk-amd64/jre/lib/amd64/libnio.so
7fbf02fd4000-7fbf02fd5000 rw-p 00011000 08:02 1056056                    /usr/lib/jvm/java-8-openjdk-amd64/jre/lib/amd64/libnio.so
7fbf02fd5000-7fbf02fd8000 ---p 00000000 00:00 0 
7fbf02fd8000-7fbf030d6000 rw-p 00000000 00:00 0 
7fbf030d6000-7fbf030ec000 r-xp 00000000 08:02 1056055                    /usr/lib/jvm/java-8-openjdk-amd64/jre/lib/amd64/libnet.so
7fbf030ec000-7fbf032eb000 ---p 00016000 08:02 1056055                    /usr/lib/jvm/java-8-openjdk-amd64/jre/lib/amd64/libnet.so
7fbf032eb000-7fbf032ec000 r--p 00015000 08:02 1056055                    /usr/lib/jvm/java-8-openjdk-amd64/jre/lib/amd64/libnet.so
7fbf032ec000-7fbf032ed000 rw-p 00016000 08:02 1056055                    /usr/lib/jvm/java-8-openjdk-amd64/jre/lib/amd64/libnet.so
7fbf032ed000-7fbf032f0000 ---p 00000000 00:00 0 
7fbf032f0000-7fbf033ee000 rw-p 00000000 00:00 0 
7fbf033ee000-7fbf033ef000 ---p 00000000 00:00 0 
7fbf033ef000-7fbf034ef000 rw-p 00000000 00:00 0 
7fbf034ef000-7fbf04000000 r--p 00000000 08:02 531124                     /usr/lib/locale/locale-archive
7fbf04000000-7fbf04021000 rw-p 00000000 00:00 0 
7fbf04021000-7fbf08000000 ---p 00000000 00:00 0 
7fbf0805c000-7fbf0808d000 rw-p 00000000 00:00 0 
7fbf0808d000-7fbf080a7000 r--s 00155000 08:02 5112603                    /home/supermt/.m2/repository/org/apache/htrace/htrace-core4/4.1.0-incubating/htrace-core4-4.1.0-incubating.jar
7fbf080a7000-7fbf080c2000 r--s 00394000 08:02 1316339                    /usr/lib/jvm/java-8-openjdk-amd64/jre/lib/ext/cldrdata.jar
7fbf080c2000-7fbf080dd000 r--s 001d6000 08:02 1316344                    /usr/lib/jvm/java-8-openjdk-amd64/jre/lib/ext/nashorn.jar
7fbf080dd000-7fbf080e0000 ---p 00000000 00:00 0 
7fbf080e0000-7fbf081de000 rw-p 00000000 00:00 0 
7fbf081de000-7fbf081df000 ---p 00000000 00:00 0 
7fbf081df000-7fbf081e2000 ---p 00000000 00:00 0 
7fbf081e2000-7fbf082df000 rw-p 00000000 00:00 0 
7fbf082df000-7fbf082e0000 ---p 00000000 00:00 0 
7fbf082e0000-7fbf082e3000 ---p 00000000 00:00 0 
7fbf082e3000-7fbf083e0000 rw-p 00000000 00:00 0 
7fbf083e0000-7fbf083e1000 ---p 00000000 00:00 0 
7fbf083e1000-7fbf083e4000 ---p 00000000 00:00 0 
7fbf083e4000-7fbf084e1000 rw-p 00000000 00:00 0 
7fbf084e1000-7fbf084e2000 ---p 00000000 00:00 0 
7fbf084e2000-7fbf084e5000 ---p 00000000 00:00 0 
7fbf084e5000-7fbf085e2000 rw-p 00000000 00:00 0 
7fbf085e2000-7fbf085e5000 ---p 00000000 00:00 0 
7fbf085e5000-7fbf086e3000 rw-p 00000000 00:00 0 
7fbf086e3000-7fbf086e6000 ---p 00000000 00:00 0 
7fbf086e6000-7fbf087e4000 rw-p 00000000 00:00 0 
7fbf087e4000-7fbf087e7000 ---p 00000000 00:00 0 
7fbf087e7000-7fbf088e5000 rw-p 00000000 00:00 0 
7fbf088e5000-7fbf088e6000 ---p 00000000 00:00 0 
7fbf088e6000-7fbf0a615000 rw-p 00000000 00:00 0 
7fbf0a615000-7fbf0a7e5000 r--s 03c5c000 08:02 1056076                    /usr/lib/jvm/java-8-openjdk-amd64/jre/lib/rt.jar
7fbf0a7e5000-7fbf0ae9b000 rw-p 00000000 00:00 0 
7fbf0ae9b000-7fbf0b05b000 ---p 00000000 00:00 0 
7fbf0b05b000-7fbf0c000000 rw-p 00000000 00:00 0 
7fbf0c000000-7fbf0c021000 rw-p 00000000 00:00 0 
7fbf0c021000-7fbf10000000 ---p 00000000 00:00 0 
7fbf10003000-7fbf10011000 r--s 000b0000 08:02 5112605                    /home/supermt/.m2/repository/org/codehaus/jackson/jackson-mapper-asl/1.9.4/jackson-mapper-asl-1.9.4.jar
7fbf10011000-7fbf1008d000 rw-p 00000000 00:00 0 
7fbf1008d000-7fbf1008e000 ---p 00000000 00:00 0 
7fbf1008e000-7fbf1018e000 rw-p 00000000 00:00 0 
7fbf1018e000-7fbf1018f000 ---p 00000000 00:00 0 
7fbf1018f000-7fbf1028f000 rw-p 00000000 00:00 0 
7fbf1028f000-7fbf10290000 ---p 00000000 00:00 0 
7fbf10290000-7fbf10390000 rw-p 00000000 00:00 0 
7fbf10390000-7fbf10391000 ---p 00000000 00:00 0 
7fbf10391000-7fbf10491000 rw-p 00000000 00:00 0 
7fbf10491000-7fbf10492000 ---p 00000000 00:00 0 
7fbf10492000-7fbf1063a000 rw-p 00000000 00:00 0 
7fbf1063a000-7fbf11000000 ---p 00000000 00:00 0 
7fbf11000000-7fbf11270000 rwxp 00000000 00:00 0 
7fbf11270000-7fbf20000000 ---p 00000000 00:00 0 
7fbf20000000-7fbf20248000 rw-p 00000000 00:00 0 
7fbf20248000-7fbf24000000 ---p 00000000 00:00 0 
7fbf24001000-7fbf24006000 r--s 000a3000 08:02 1056071                    /usr/lib/jvm/java-8-openjdk-amd64/jre/lib/jsse.jar
7fbf24006000-7fbf2400a000 r--s 00034000 08:02 5112607                    /home/supermt/.m2/repository/org/codehaus/jackson/jackson-core-asl/1.9.4/jackson-core-asl-1.9.4.jar
7fbf2400a000-7fbf2404c000 rw-p 00000000 00:00 0 
7fbf2404c000-7fbf2404d000 ---p 00000000 00:00 0 
7fbf2404d000-7fbf2414d000 rw-p 00000000 00:00 0 
7fbf2414d000-7fbf2414e000 ---p 00000000 00:00 0 
7fbf2414e000-7fbf2424e000 rw-p 00000000 00:00 0 
7fbf2424e000-7fbf2424f000 ---p 00000000 00:00 0 
7fbf2424f000-7fbf243f7000 rw-p 00000000 00:00 0 
7fbf243f7000-7fbf24dbd000 ---p 00000000 00:00 0 
7fbf24dbd000-7fbf24e11000 rw-p 00000000 00:00 0 
7fbf24e11000-7fbf252f4000 ---p 00000000 00:00 0 
7fbf252f4000-7fbf252ff000 rw-p 00000000 00:00 0 
7fbf252ff000-7fbf256b5000 ---p 00000000 00:00 0 
7fbf256b5000-7fbf256bd000 r-xp 00000000 08:02 1056063                    /usr/lib/jvm/java-8-openjdk-amd64/jre/lib/amd64/libzip.so
7fbf256bd000-7fbf258bc000 ---p 00008000 08:02 1056063                    /usr/lib/jvm/java-8-openjdk-amd64/jre/lib/amd64/libzip.so
7fbf258bc000-7fbf258bd000 r--p 00007000 08:02 1056063                    /usr/lib/jvm/java-8-openjdk-amd64/jre/lib/amd64/libzip.so
7fbf258bd000-7fbf258be000 rw-p 00008000 08:02 1056063                    /usr/lib/jvm/java-8-openjdk-amd64/jre/lib/amd64/libzip.so
7fbf258be000-7fbf258c9000 r-xp 00000000 08:02 1840226                    /lib/x86_64-linux-gnu/libnss_files-2.27.so
7fbf258c9000-7fbf25ac8000 ---p 0000b000 08:02 1840226                    /lib/x86_64-linux-gnu/libnss_files-2.27.so
7fbf25ac8000-7fbf25ac9000 r--p 0000a000 08:02 1840226                    /lib/x86_64-linux-gnu/libnss_files-2.27.so
7fbf25ac9000-7fbf25aca000 rw-p 0000b000 08:02 1840226                    /lib/x86_64-linux-gnu/libnss_files-2.27.so
7fbf25aca000-7fbf25ad0000 rw-p 00000000 00:00 0 
7fbf25ad0000-7fbf25ae7000 r-xp 00000000 08:02 1840220                    /lib/x86_64-linux-gnu/libnsl-2.27.so
7fbf25ae7000-7fbf25ce6000 ---p 00017000 08:02 1840220                    /lib/x86_64-linux-gnu/libnsl-2.27.so
7fbf25ce6000-7fbf25ce7000 r--p 00016000 08:02 1840220                    /lib/x86_64-linux-gnu/libnsl-2.27.so
7fbf25ce7000-7fbf25ce8000 rw-p 00017000 08:02 1840220                    /lib/x86_64-linux-gnu/libnsl-2.27.so
7fbf25ce8000-7fbf25cea000 rw-p 00000000 00:00 0 
7fbf25cea000-7fbf25cf5000 r-xp 00000000 08:02 1840237                    /lib/x86_64-linux-gnu/libnss_nis-2.27.so
7fbf25cf5000-7fbf25ef4000 ---p 0000b000 08:02 1840237                    /lib/x86_64-linux-gnu/libnss_nis-2.27.so
7fbf25ef4000-7fbf25ef5000 r--p 0000a000 08:02 1840237                    /lib/x86_64-linux-gnu/libnss_nis-2.27.so
7fbf25ef5000-7fbf25ef6000 rw-p 0000b000 08:02 1840237                    /lib/x86_64-linux-gnu/libnss_nis-2.27.so
7fbf25ef6000-7fbf25efe000 r-xp 00000000 08:02 1840222                    /lib/x86_64-linux-gnu/libnss_compat-2.27.so
7fbf25efe000-7fbf260fe000 ---p 00008000 08:02 1840222                    /lib/x86_64-linux-gnu/libnss_compat-2.27.so
7fbf260fe000-7fbf260ff000 r--p 00008000 08:02 1840222                    /lib/x86_64-linux-gnu/libnss_compat-2.27.so
7fbf260ff000-7fbf26100000 rw-p 00009000 08:02 1840222                    /lib/x86_64-linux-gnu/libnss_compat-2.27.so
7fbf26100000-7fbf2612a000 r-xp 00000000 08:02 1056044                    /usr/lib/jvm/java-8-openjdk-amd64/jre/lib/amd64/libjava.so
7fbf2612a000-7fbf26329000 ---p 0002a000 08:02 1056044                    /usr/lib/jvm/java-8-openjdk-amd64/jre/lib/amd64/libjava.so
7fbf26329000-7fbf2632a000 r--p 00029000 08:02 1056044                    /usr/lib/jvm/java-8-openjdk-amd64/jre/lib/amd64/libjava.so
7fbf2632a000-7fbf2632c000 rw-p 0002a000 08:02 1056044                    /usr/lib/jvm/java-8-openjdk-amd64/jre/lib/amd64/libjava.so
7fbf2632c000-7fbf2633c000 r-xp 00000000 08:02 1056062                    /usr/lib/jvm/java-8-openjdk-amd64/jre/lib/amd64/libverify.so
7fbf2633c000-7fbf2653b000 ---p 00010000 08:02 1056062                    /usr/lib/jvm/java-8-openjdk-amd64/jre/lib/amd64/libverify.so
7fbf2653b000-7fbf2653d000 r--p 0000f000 08:02 1056062                    /usr/lib/jvm/java-8-openjdk-amd64/jre/lib/amd64/libverify.so
7fbf2653d000-7fbf2653e000 rw-p 00011000 08:02 1056062                    /usr/lib/jvm/java-8-openjdk-amd64/jre/lib/amd64/libverify.so
7fbf2653e000-7fbf26545000 r-xp 00000000 08:02 1840277                    /lib/x86_64-linux-gnu/librt-2.27.so
7fbf26545000-7fbf26744000 ---p 00007000 08:02 1840277                    /lib/x86_64-linux-gnu/librt-2.27.so
7fbf26744000-7fbf26745000 r--p 00006000 08:02 1840277                    /lib/x86_64-linux-gnu/librt-2.27.so
7fbf26745000-7fbf26746000 rw-p 00007000 08:02 1840277                    /lib/x86_64-linux-gnu/librt-2.27.so
7fbf26746000-7fbf2675d000 r-xp 00000000 08:02 1840173                    /lib/x86_64-linux-gnu/libgcc_s.so.1
7fbf2675d000-7fbf2695c000 ---p 00017000 08:02 1840173                    /lib/x86_64-linux-gnu/libgcc_s.so.1
7fbf2695c000-7fbf2695d000 r--p 00016000 08:02 1840173                    /lib/x86_64-linux-gnu/libgcc_s.so.1
7fbf2695d000-7fbf2695e000 rw-p 00017000 08:02 1840173                    /lib/x86_64-linux-gnu/libgcc_s.so.1
7fbf2695e000-7fbf26afb000 r-xp 00000000 08:02 1840199                    /lib/x86_64-linux-gnu/libm-2.27.so
7fbf26afb000-7fbf26cfa000 ---p 0019d000 08:02 1840199                    /lib/x86_64-linux-gnu/libm-2.27.so
7fbf26cfa000-7fbf26cfb000 r--p 0019c000 08:02 1840199                    /lib/x86_64-linux-gnu/libm-2.27.so
7fbf26cfb000-7fbf26cfc000 rw-p 0019d000 08:02 1840199                    /lib/x86_64-linux-gnu/libm-2.27.so
7fbf26cfc000-7fbf26e75000 r-xp 00000000 08:02 533267                     /usr/lib/x86_64-linux-gnu/libstdc++.so.6.0.25
7fbf26e75000-7fbf27075000 ---p 00179000 08:02 533267                     /usr/lib/x86_64-linux-gnu/libstdc++.so.6.0.25
7fbf27075000-7fbf2707f000 r--p 00179000 08:02 533267                     /usr/lib/x86_64-linux-gnu/libstdc++.so.6.0.25
7fbf2707f000-7fbf27081000 rw-p 00183000 08:02 533267                     /usr/lib/x86_64-linux-gnu/libstdc++.so.6.0.25
7fbf27081000-7fbf27085000 rw-p 00000000 00:00 0 
7fbf27085000-7fbf27d24000 r-xp 00000000 08:02 1182919                    /usr/lib/jvm/java-8-openjdk-amd64/jre/lib/amd64/server/libjvm.so
7fbf27d24000-7fbf27f24000 ---p 00c9f000 08:02 1182919                    /usr/lib/jvm/java-8-openjdk-amd64/jre/lib/amd64/server/libjvm.so
7fbf27f24000-7fbf27fb8000 r--p 00c9f000 08:02 1182919                    /usr/lib/jvm/java-8-openjdk-amd64/jre/lib/amd64/server/libjvm.so
7fbf27fb8000-7fbf27fe1000 rw-p 00d33000 08:02 1182919                    /usr/lib/jvm/java-8-openjdk-amd64/jre/lib/amd64/server/libjvm.so
7fbf27fe1000-7fbf28011000 rw-p 00000000 00:00 0 
7fbf28011000-7fbf2802b000 r-xp 00000000 08:02 1840269                    /lib/x86_64-linux-gnu/libpthread-2.27.so
7fbf2802b000-7fbf2822a000 ---p 0001a000 08:02 1840269                    /lib/x86_64-linux-gnu/libpthread-2.27.so
7fbf2822a000-7fbf2822b000 r--p 00019000 08:02 1840269                    /lib/x86_64-linux-gnu/libpthread-2.27.so
7fbf2822b000-7fbf2822c000 rw-p 0001a000 08:02 1840269                    /lib/x86_64-linux-gnu/libpthread-2.27.so
7fbf2822c000-7fbf28230000 rw-p 00000000 00:00 0 
7fbf28230000-7fbf28233000 r-xp 00000000 08:02 1840159                    /lib/x86_64-linux-gnu/libdl-2.27.so
7fbf28233000-7fbf28432000 ---p 00003000 08:02 1840159                    /lib/x86_64-linux-gnu/libdl-2.27.so
7fbf28432000-7fbf28433000 r--p 00002000 08:02 1840159                    /lib/x86_64-linux-gnu/libdl-2.27.so
7fbf28433000-7fbf28434000 rw-p 00003000 08:02 1840159                    /lib/x86_64-linux-gnu/libdl-2.27.so
7fbf28434000-7fbf28450000 r-xp 00000000 08:02 1840308                    /lib/x86_64-linux-gnu/libz.so.1.2.11
7fbf28450000-7fbf2864f000 ---p 0001c000 08:02 1840308                    /lib/x86_64-linux-gnu/libz.so.1.2.11
7fbf2864f000-7fbf28650000 r--p 0001b000 08:02 1840308                    /lib/x86_64-linux-gnu/libz.so.1.2.11
7fbf28650000-7fbf28651000 rw-p 0001c000 08:02 1840308                    /lib/x86_64-linux-gnu/libz.so.1.2.11
7fbf28651000-7fbf28838000 r-xp 00000000 08:02 1840136                    /lib/x86_64-linux-gnu/libc-2.27.so
7fbf28838000-7fbf28a38000 ---p 001e7000 08:02 1840136                    /lib/x86_64-linux-gnu/libc-2.27.so
7fbf28a38000-7fbf28a3c000 r--p 001e7000 08:02 1840136                    /lib/x86_64-linux-gnu/libc-2.27.so
7fbf28a3c000-7fbf28a3e000 rw-p 001eb000 08:02 1840136                    /lib/x86_64-linux-gnu/libc-2.27.so
7fbf28a3e000-7fbf28a42000 rw-p 00000000 00:00 0 
7fbf28a42000-7fbf28a50000 r-xp 00000000 08:02 1182916                    /usr/lib/jvm/java-8-openjdk-amd64/jre/lib/amd64/jli/libjli.so
7fbf28a50000-7fbf28c4f000 ---p 0000e000 08:02 1182916                    /usr/lib/jvm/java-8-openjdk-amd64/jre/lib/amd64/jli/libjli.so
7fbf28c4f000-7fbf28c50000 r--p 0000d000 08:02 1182916                    /usr/lib/jvm/java-8-openjdk-amd64/jre/lib/amd64/jli/libjli.so
7fbf28c50000-7fbf28c51000 rw-p 0000e000 08:02 1182916                    /usr/lib/jvm/java-8-openjdk-amd64/jre/lib/amd64/jli/libjli.so
7fbf28c51000-7fbf28c78000 r-xp 00000000 08:02 1840108                    /lib/x86_64-linux-gnu/ld-2.27.so
7fbf28c79000-7fbf28c7b000 r--s 00022000 08:02 4991470                    /home/supermt/git/YCSB/core/target/core-0.17.0-SNAPSHOT.jar
7fbf28c7b000-7fbf28c7e000 r--s 00017000 08:02 5112619                    /home/supermt/.m2/repository/org/hdrhistogram/HdrHistogram/2.1.4/HdrHistogram-2.1.4.jar
7fbf28c7e000-7fbf28c7f000 r--s 00000000 08:02 5112514                    /home/supermt/.m2/repository/net/jcip/jcip-annotations/1.0/jcip-annotations-1.0.jar
7fbf28c7f000-7fbf28c84000 r--s 00cec000 08:02 5112515                    /home/supermt/.m2/repository/org/rocksdb/rocksdbjni/5.11.3/rocksdbjni-5.11.3.jar
7fbf28c84000-7fbf28c86000 r--s 00009000 08:02 5112517                    /home/supermt/.m2/repository/org/slf4j/slf4j-api/1.7.25/slf4j-api-1.7.25.jar
7fbf28c86000-7fbf28c88000 r--s 00002000 08:02 5377883                    /home/supermt/git/YCSB/rocksdb/target/rocksdb-binding-0.17.0-SNAPSHOT.jar
7fbf28c88000-7fbf28c8b000 r--s 00039000 08:02 1316347                    /usr/lib/jvm/java-8-openjdk-amd64/jre/lib/ext/sunpkcs11.jar
7fbf28c8b000-7fbf28d50000 rw-p 00000000 00:00 0 
7fbf28d50000-7fbf28d51000 ---p 00000000 00:00 0 
7fbf28d51000-7fbf28d54000 ---p 00000000 00:00 0 
7fbf28d54000-7fbf28e53000 rw-p 00000000 00:00 0 
7fbf28e53000-7fbf28e5d000 r--s 00116000 08:02 1316343                    /usr/lib/jvm/java-8-openjdk-amd64/jre/lib/ext/localedata.jar
7fbf28e5d000-7fbf28e5f000 r--s 00007000 08:02 927441                     /usr/share/java/java-atk-wrapper.jar
7fbf28e5f000-7fbf28e60000 r--s 0000d000 08:02 1316345                    /usr/lib/jvm/java-8-openjdk-amd64/jre/lib/ext/sunec.jar
7fbf28e60000-7fbf28e62000 r--s 00001000 08:02 1316340                    /usr/lib/jvm/java-8-openjdk-amd64/jre/lib/ext/dnsns.jar
7fbf28e62000-7fbf28e63000 r--s 0000a000 08:02 1316342                    /usr/lib/jvm/java-8-openjdk-amd64/jre/lib/ext/jaccess.jar
7fbf28e63000-7fbf28e64000 r--s 00010000 08:02 1316348                    /usr/lib/jvm/java-8-openjdk-amd64/jre/lib/ext/zipfs.jar
7fbf28e64000-7fbf28e67000 r--s 0000f000 08:02 1316341                    /usr/lib/jvm/java-8-openjdk-amd64/jre/lib/ext/icedtea-sound.jar
7fbf28e67000-7fbf28e6c000 r--s 0003c000 08:02 1316346                    /usr/lib/jvm/java-8-openjdk-amd64/jre/lib/ext/sunjce_provider.jar
7fbf28e6c000-7fbf28e74000 rw-s 00000000 08:02 5244046                    /tmp/hsperfdata_supermt/470
7fbf28e74000-7fbf28e75000 rw-p 00000000 00:00 0 
7fbf28e75000-7fbf28e76000 r--p 00000000 00:00 0 
7fbf28e76000-7fbf28e78000 rw-p 00000000 00:00 0 
7fbf28e78000-7fbf28e79000 r--p 00027000 08:02 1840108                    /lib/x86_64-linux-gnu/ld-2.27.so
7fbf28e79000-7fbf28e7a000 rw-p 00028000 08:02 1840108                    /lib/x86_64-linux-gnu/ld-2.27.so
7fbf28e7a000-7fbf28e7b000 rw-p 00000000 00:00 0 
7ffed144d000-7ffed146f000 rw-p 00000000 00:00 0                          [stack]
7ffed15f7000-7ffed15fa000 r--p 00000000 00:00 0                          [vvar]
7ffed15fa000-7ffed15fb000 r-xp 00000000 00:00 0                          [vdso]
ffffffffff600000-ffffffffff601000 r-xp 00000000 00:00 0                  [vsyscall]

VM Arguments:
java_command: com.yahoo.ycsb.Client -db com.yahoo.ycsb.db.rocksdb.RocksDBClient -s -P workloads/workloada -p rocksdb.dir=/tmp/ycsb-rocksdb-data -load
java_class_path (initial): /home/supermt/git/YCSB/rocksdb/conf:/home/supermt/git/YCSB/rocksdb/target/rocksdb-binding-0.17.0-SNAPSHOT.jar:/home/supermt/.m2/repository/org/apache/htrace/htrace-core4/4.1.0-incubating/htrace-core4-4.1.0-incubating.jar:/home/supermt/.m2/repository/org/slf4j/slf4j-api/1.7.25/slf4j-api-1.7.25.jar:/home/supermt/.m2/repository/org/rocksdb/rocksdbjni/5.11.3/rocksdbjni-5.11.3.jar:/home/supermt/.m2/repository/net/jcip/jcip-annotations/1.0/jcip-annotations-1.0.jar:/home/supermt/.m2/repository/org/hdrhistogram/HdrHistogram/2.1.4/HdrHistogram-2.1.4.jar:/home/supermt/.m2/repository/org/codehaus/jackson/jackson-mapper-asl/1.9.4/jackson-mapper-asl-1.9.4.jar:/home/supermt/git/YCSB/core/target/core-0.17.0-SNAPSHOT.jar:/home/supermt/.m2/repository/org/codehaus/jackson/jackson-core-asl/1.9.4/jackson-core-asl-1.9.4.jar
Launcher Type: SUN_STANDARD

Environment Variables:
JAVA_HOME=/usr/lib/jvm/java-1.8.0-openjdk-amd64/
PATH=/usr/local/sbin:/usr/local/bin:/usr/sbin:/usr/bin:/sbin:/bin:/usr/games:/usr/local/games:/snap/bin
SHELL=/bin/bash
DISPLAY=:0

Signal Handlers:
SIGSEGV: [libjvm.so+0xab92f0], sa_mask[0]=11111111011111111101111111111110, sa_flags=SA_RESTART|SA_SIGINFO
SIGBUS: [libjvm.so+0xab92f0], sa_mask[0]=11111111011111111101111111111110, sa_flags=SA_RESTART|SA_SIGINFO
SIGFPE: [libjvm.so+0x8ee560], sa_mask[0]=11111111011111111101111111111110, sa_flags=SA_RESTART|SA_SIGINFO
SIGPIPE: [libjvm.so+0x8ee560], sa_mask[0]=11111111011111111101111111111110, sa_flags=SA_RESTART|SA_SIGINFO
SIGXFSZ: [libjvm.so+0x8ee560], sa_mask[0]=11111111011111111101111111111110, sa_flags=SA_RESTART|SA_SIGINFO
SIGILL: [libjvm.so+0x8ee560], sa_mask[0]=11111111011111111101111111111110, sa_flags=SA_RESTART|SA_SIGINFO
SIGUSR1: SIG_DFL, sa_mask[0]=00000000000000000000000000000000, sa_flags=none
SIGUSR2: [libjvm.so+0x8ee410], sa_mask[0]=00000000000000000000000000000000, sa_flags=SA_RESTART|SA_SIGINFO
SIGHUP: [libjvm.so+0x8eea80], sa_mask[0]=11111111011111111101111111111110, sa_flags=SA_RESTART|SA_SIGINFO
SIGINT: [libjvm.so+0x8eea80], sa_mask[0]=11111111011111111101111111111110, sa_flags=SA_RESTART|SA_SIGINFO
SIGTERM: [libjvm.so+0x8eea80], sa_mask[0]=11111111011111111101111111111110, sa_flags=SA_RESTART|SA_SIGINFO
SIGQUIT: [libjvm.so+0x8eea80], sa_mask[0]=11111111011111111101111111111110, sa_flags=SA_RESTART|SA_SIGINFO


---------------  S Y S T E M  ---------------

OS:DISTRIB_ID=Ubuntu
DISTRIB_RELEASE=18.04
DISTRIB_CODENAME=bionic
DISTRIB_DESCRIPTION="Ubuntu 18.04.3 LTS"

uname:Linux 5.0.0-25-generic #26~18.04.1-Ubuntu SMP Thu Aug 1 13:51:02 UTC 2019 x86_64
libc:glibc 2.27 NPTL 2.27 
rlimit: STACK 8192k, CORE 0k, NPROC 127876, NOFILE 4096, AS infinity
load average:1.65 1.76 2.83

/proc/meminfo:
MemTotal:       32806600 kB
MemFree:         5358332 kB
MemAvailable:   22570352 kB
Buffers:          213476 kB
Cached:         17997776 kB
SwapCached:            0 kB
Active:         12905600 kB
Inactive:       13293892 kB
Active(anon):    7610060 kB
Inactive(anon):  1233312 kB
Active(file):    5295540 kB
Inactive(file): 12060580 kB
Unevictable:      117160 kB
Mlocked:             116 kB
SwapTotal:       2097148 kB
SwapFree:        2097148 kB
Dirty:             22804 kB
Writeback:             0 kB
AnonPages:       8105764 kB
Mapped:          1160892 kB
Shmem:            893156 kB
KReclaimable:     677460 kB
Slab:             775464 kB
SReclaimable:     677460 kB
SUnreclaim:        98004 kB
KernelStack:       28256 kB
PageTables:       143212 kB
NFS_Unstable:          0 kB
Bounce:                0 kB
WritebackTmp:          0 kB
CommitLimit:    18500448 kB
Committed_AS:   26779624 kB
VmallocTotal:   34359738367 kB
VmallocUsed:           0 kB
VmallocChunk:          0 kB
Percpu:             2432 kB
HardwareCorrupted:     0 kB
AnonHugePages:         0 kB
ShmemHugePages:        0 kB
ShmemPmdMapped:        0 kB
CmaTotal:              0 kB
CmaFree:               0 kB
HugePages_Total:       0
HugePages_Free:        0
HugePages_Rsvd:        0
HugePages_Surp:        0
Hugepagesize:       2048 kB
Hugetlb:               0 kB
DirectMap4k:      457004 kB
DirectMap2M:    18286592 kB
DirectMap1G:    15728640 kB

container (cgroup) information:
container_type: cgroupv1
cpu_cpuset_cpus: 0-7
cpu_memory_nodes: 0
active_processor_count: 8
cpu_quota: -1
cpu_period: 100000
cpu_shares: -1
memory_limit_in_bytes: -1
memory_and_swap_limit_in_bytes: -2
memory_soft_limit_in_bytes: -1
memory_usage_in_bytes: 26948431872
memory_max_usage_in_bytes: 63127552


CPU:total 8 (initial active 8) (4 cores per cpu, 2 threads per core) family 6 model 60 stepping 3, cmov, cx8, fxsr, mmx, sse, sse2, sse3, ssse3, sse4.1, sse4.2, popcnt, avx, avx2, aes, clmul, erms, lzcnt, ht, tsc, tscinvbit, bmi1, bmi2

/proc/cpuinfo:
processor	: 0
vendor_id	: GenuineIntel
cpu family	: 6
model		: 60
model name	: Intel(R) Core(TM) i7-4790 CPU @ 3.60GHz
stepping	: 3
microcode	: 0x27
cpu MHz		: 3224.408
cache size	: 8192 KB
physical id	: 0
siblings	: 8
core id		: 0
cpu cores	: 4
apicid		: 0
initial apicid	: 0
fpu		: yes
fpu_exception	: yes
cpuid level	: 13
wp		: yes
flags		: fpu vme de pse tsc msr pae mce cx8 apic sep mtrr pge mca cmov pat pse36 clflush dts acpi mmx fxsr sse sse2 ss ht tm pbe syscall nx pdpe1gb rdtscp lm constant_tsc arch_perfmon pebs bts rep_good nopl xtopology nonstop_tsc cpuid aperfmperf pni pclmulqdq dtes64 monitor ds_cpl vmx smx est tm2 ssse3 sdbg fma cx16 xtpr pdcm pcid sse4_1 sse4_2 x2apic movbe popcnt tsc_deadline_timer aes xsave avx f16c rdrand lahf_lm abm cpuid_fault epb invpcid_single pti ssbd ibrs ibpb stibp tpr_shadow vnmi flexpriority ept vpid ept_ad fsgsbase tsc_adjust bmi1 avx2 smep bmi2 erms invpcid xsaveopt dtherm ida arat pln pts md_clear flush_l1d
bugs		: cpu_meltdown spectre_v1 spectre_v2 spec_store_bypass l1tf mds swapgs
bogomips	: 7183.40
clflush size	: 64
cache_alignment	: 64
address sizes	: 39 bits physical, 48 bits virtual
power management:

processor	: 1
vendor_id	: GenuineIntel
cpu family	: 6
model		: 60
model name	: Intel(R) Core(TM) i7-4790 CPU @ 3.60GHz
stepping	: 3
microcode	: 0x27
cpu MHz		: 3027.533
cache size	: 8192 KB
physical id	: 0
siblings	: 8
core id		: 1
cpu cores	: 4
apicid		: 2
initial apicid	: 2
fpu		: yes
fpu_exception	: yes
cpuid level	: 13
wp		: yes
flags		: fpu vme de pse tsc msr pae mce cx8 apic sep mtrr pge mca cmov pat pse36 clflush dts acpi mmx fxsr sse sse2 ss ht tm pbe syscall nx pdpe1gb rdtscp lm constant_tsc arch_perfmon pebs bts rep_good nopl xtopology nonstop_tsc cpuid aperfmperf pni pclmulqdq dtes64 monitor ds_cpl vmx smx est tm2 ssse3 sdbg fma cx16 xtpr pdcm pcid sse4_1 sse4_2 x2apic movbe popcnt tsc_deadline_timer aes xsave avx f16c rdrand lahf_lm abm cpuid_fault epb invpcid_single pti ssbd ibrs ibpb stibp tpr_shadow vnmi flexpriority ept vpid ept_ad fsgsbase tsc_adjust bmi1 avx2 smep bmi2 erms invpcid xsaveopt dtherm ida arat pln pts md_clear flush_l1d
bugs		: cpu_meltdown spectre_v1 spectre_v2 spec_store_bypass l1tf mds swapgs
bogomips	: 7183.40
clflush size	: 64
cache_alignment	: 64
address sizes	: 39 bits physical, 48 bits virtual
power management:

processor	: 2
vendor_id	: GenuineIntel
cpu family	: 6
model		: 60
model name	: Intel(R) Core(TM) i7-4790 CPU @ 3.60GHz
stepping	: 3
microcode	: 0x27
cpu MHz		: 3755.653
cache size	: 8192 KB
physical id	: 0
siblings	: 8
core id		: 2
cpu cores	: 4
apicid		: 4
initial apicid	: 4
fpu		: yes
fpu_exception	: yes
cpuid level	: 13
wp		: yes
flags		: fpu vme de pse tsc msr pae mce cx8 apic sep mtrr pge mca cmov pat pse36 clflush dts acpi mmx fxsr sse sse2 ss ht tm pbe syscall nx pdpe1gb rdtscp lm constant_tsc arch_perfmon pebs bts rep_good nopl xtopology nonstop_tsc cpuid aperfmperf pni pclmulqdq dtes64 monitor ds_cpl vmx smx est tm2 ssse3 sdbg fma cx16 xtpr pdcm pcid sse4_1 sse4_2 x2apic movbe popcnt tsc_deadline_timer aes xsave avx f16c rdrand lahf_lm abm cpuid_fault epb invpcid_single pti ssbd ibrs ibpb stibp tpr_shadow vnmi flexpriority ept vpid ept_ad fsgsbase tsc_adjust bmi1 avx2 smep bmi2 erms invpcid xsaveopt dtherm ida arat pln pts md_clear flush_l1d
bugs		: cpu_meltdown spectre_v1 spectre_v2 spec_store_bypass l1tf mds swapgs
bogomips	: 7183.40
clflush size	: 64
cache_alignment	: 64
address sizes	: 39 bits physical, 48 bits virtual
power management:

processor	: 3
vendor_id	: GenuineIntel
cpu family	: 6
model		: 60
model name	: Intel(R) Core(TM) i7-4790 CPU @ 3.60GHz
stepping	: 3
microcode	: 0x27
cpu MHz		: 3603.556
cache size	: 8192 KB
physical id	: 0
siblings	: 8
core id		: 3
cpu cores	: 4
apicid		: 6
initial apicid	: 6
fpu		: yes
fpu_exception	: yes
cpuid level	: 13
wp		: yes
flags		: fpu vme de pse tsc msr pae mce cx8 apic sep mtrr pge mca cmov pat pse36 clflush dts acpi mmx fxsr sse sse2 ss ht tm pbe syscall nx pdpe1gb rdtscp lm constant_tsc arch_perfmon pebs bts rep_good nopl xtopology nonstop_tsc cpuid aperfmperf pni pclmulqdq dtes64 monitor ds_cpl vmx smx est tm2 ssse3 sdbg fma cx16 xtpr pdcm pcid sse4_1 sse4_2 x2apic movbe popcnt tsc_deadline_timer aes xsave avx f16c rdrand lahf_lm abm cpuid_fault epb invpcid_single pti ssbd ibrs ibpb stibp tpr_shadow vnmi flexpriority ept vpid ept_ad fsgsbase tsc_adjust bmi1 avx2 smep bmi2 erms invpcid xsaveopt dtherm ida arat pln pts md_clear flush_l1d
bugs		: cpu_meltdown spectre_v1 spectre_v2 spec_store_bypass l1tf mds swapgs
bogomips	: 7183.40
clflush size	: 64
cache_alignment	: 64
address sizes	: 39 bits physical, 48 bits virtual
power management:

processor	: 4
vendor_id	: GenuineIntel
cpu family	: 6
model		: 60
model name	: Intel(R) Core(TM) i7-4790 CPU @ 3.60GHz
stepping	: 3
microcode	: 0x27
cpu MHz		: 2709.090
cache size	: 8192 KB
physical id	: 0
siblings	: 8
core id		: 0
cpu cores	: 4
apicid		: 1
initial apicid	: 1
fpu		: yes
fpu_exception	: yes
cpuid level	: 13
wp		: yes
flags		: fpu vme de pse tsc msr pae mce cx8 apic sep mtrr pge mca cmov pat pse36 clflush dts acpi mmx fxsr sse sse2 ss ht tm pbe syscall nx pdpe1gb rdtscp lm constant_tsc arch_perfmon pebs bts rep_good nopl xtopology nonstop_tsc cpuid aperfmperf pni pclmulqdq dtes64 monitor ds_cpl vmx smx est tm2 ssse3 sdbg fma cx16 xtpr pdcm pcid sse4_1 sse4_2 x2apic movbe popcnt tsc_deadline_timer aes xsave avx f16c rdrand lahf_lm abm cpuid_fault epb invpcid_single pti ssbd ibrs ibpb stibp tpr_shadow vnmi flexpriority ept vpid ept_ad fsgsbase tsc_adjust bmi1 avx2 smep bmi2 erms invpcid xsaveopt dtherm ida arat pln pts md_clear flush_l1d
bugs		: cpu_meltdown spectre_v1 spectre_v2 spec_store_bypass l1tf mds swapgs
bogomips	: 7183.40
clflush size	: 64
cache_alignment	: 64
address sizes	: 39 bits physical, 48 bits virtual
power management:

processor	: 5
vendor_id	: GenuineIntel
cpu family	: 6
model		: 60
model name	: Intel(R) Core(TM) i7-4790 CPU @ 3.60GHz
stepping	: 3
microcode	: 0x27
cpu MHz		: 2858.064
cache size	: 8192 KB
physical id	: 0
siblings	: 8
core id		: 1
cpu cores	: 4
apicid		: 3
initial apicid	: 3
fpu		: yes
fpu_exception	: yes
cpuid level	: 13
wp		: yes
flags		: fpu vme de pse tsc msr pae mce cx8 apic sep mtrr pge mca cmov pat pse36 clflush dts acpi mmx fxsr sse sse2 ss ht tm pbe syscall nx pdpe1gb rdtscp lm constant_tsc arch_perfmon pebs bts rep_good nopl xtopology nonstop_tsc cpuid aperfmperf pni pclmulqdq dtes64 monitor ds_cpl vmx smx est tm2 ssse3 sdbg fma cx16 xtpr pdcm pcid sse4_1 sse4_2 x2apic movbe popcnt tsc_deadline_timer aes xsave avx f16c rdrand lahf_lm abm cpuid_fault epb invpcid_single pti ssbd ibrs ibpb stibp tpr_shadow vnmi flexpriority ept vpid ept_ad fsgsbase tsc_adjust bmi1 avx2 smep bmi2 erms invpcid xsaveopt dtherm ida arat pln pts md_clear flush_l1d
bugs		: cpu_meltdown spectre_v1 spectre_v2 spec_store_bypass l1tf mds swapgs
bogomips	: 7183.40
clflush size	: 64
cache_alignment	: 64
address sizes	: 39 bits physical, 48 bits virtual
power management:

processor	: 6
vendor_id	: GenuineIntel
cpu family	: 6
model		: 60
model name	: Intel(R) Core(TM) i7-4790 CPU @ 3.60GHz
stepping	: 3
microcode	: 0x27
cpu MHz		: 2866.394
cache size	: 8192 KB
physical id	: 0
siblings	: 8
core id		: 2
cpu cores	: 4
apicid		: 5
initial apicid	: 5
fpu		: yes
fpu_exception	: yes
cpuid level	: 13
wp		: yes
flags		: fpu vme de pse tsc msr pae mce cx8 apic sep mtrr pge mca cmov pat pse36 clflush dts acpi mmx fxsr sse sse2 ss ht tm pbe syscall nx pdpe1gb rdtscp lm constant_tsc arch_perfmon pebs bts rep_good nopl xtopology nonstop_tsc cpuid aperfmperf pni pclmulqdq dtes64 monitor ds_cpl vmx smx est tm2 ssse3 sdbg fma cx16 xtpr pdcm pcid sse4_1 sse4_2 x2apic movbe popcnt tsc_deadline_timer aes xsave avx f16c rdrand lahf_lm abm cpuid_fault epb invpcid_single pti ssbd ibrs ibpb stibp tpr_shadow vnmi flexpriority ept vpid ept_ad fsgsbase tsc_adjust bmi1 avx2 smep bmi2 erms invpcid xsaveopt dtherm ida arat pln pts md_clear flush_l1d
bugs		: cpu_meltdown spectre_v1 spectre_v2 spec_store_bypass l1tf mds swapgs
bogomips	: 7183.40
clflush size	: 64
cache_alignment	: 64
address sizes	: 39 bits physical, 48 bits virtual
power management:

processor	: 7
vendor_id	: GenuineIntel
cpu family	: 6
model		: 60
model name	: Intel(R) Core(TM) i7-4790 CPU @ 3.60GHz
stepping	: 3
microcode	: 0x27
cpu MHz		: 3274.745
cache size	: 8192 KB
physical id	: 0
siblings	: 8
core id		: 3
cpu cores	: 4
apicid		: 7
initial apicid	: 7
fpu		: yes
fpu_exception	: yes
cpuid level	: 13
wp		: yes
flags		: fpu vme de pse tsc msr pae mce cx8 apic sep mtrr pge mca cmov pat pse36 clflush dts acpi mmx fxsr sse sse2 ss ht tm pbe syscall nx pdpe1gb rdtscp lm constant_tsc arch_perfmon pebs bts rep_good nopl xtopology nonstop_tsc cpuid aperfmperf pni pclmulqdq dtes64 monitor ds_cpl vmx smx est tm2 ssse3 sdbg fma cx16 xtpr pdcm pcid sse4_1 sse4_2 x2apic movbe popcnt tsc_deadline_timer aes xsave avx f16c rdrand lahf_lm abm cpuid_fault epb invpcid_single pti ssbd ibrs ibpb stibp tpr_shadow vnmi flexpriority ept vpid ept_ad fsgsbase tsc_adjust bmi1 avx2 smep bmi2 erms invpcid xsaveopt dtherm ida arat pln pts md_clear flush_l1d
bugs		: cpu_meltdown spectre_v1 spectre_v2 spec_store_bypass l1tf mds swapgs
bogomips	: 7183.40
clflush size	: 64
cache_alignment	: 64
address sizes	: 39 bits physical, 48 bits virtual
power management:



Memory: 4k page, physical 32806600k(5357984k free), swap 2097148k(2097148k free)

vm_info: OpenJDK 64-Bit Server VM (25.222-b10) for linux-amd64 JRE (1.8.0_222-8u222-b10-1ubuntu1~18.04.1-b10), built on Jul 18 2019 18:52:48 by "buildd" with gcc 7.4.0

time: Mon Sep  9 15:56:21 2019
timezone: KST
elapsed time: 0 seconds (0d 0h 0m 0s)

