#
# A fatal error has been detected by the Java Runtime Environment:
#
#  SIGSEGV (0xb) at pc=0x00007f69fefd045d, pid=684, tid=0x00007f69a6ed3700
#
# JRE version: OpenJDK Runtime Environment (8.0_222-b10) (build 1.8.0_222-8u222-b10-1ubuntu1~18.04.1-b10)
# Java VM: OpenJDK 64-Bit Server VM (25.222-b10 mixed mode linux-amd64 compressed oops)
# Problematic frame:
# V  [libjvm.so+0x69645d]
#
# Failed to write core dump. Core dumps have been disabled. To enable core dumping, try "ulimit -c unlimited" before starting Java again
#
# If you would like to submit a bug report, please visit:
#   http://bugreport.java.com/bugreport/crash.jsp
#

---------------  T H R E A D  ---------------

Current thread (0x00007f69f829c800):  JavaThread "Thread-3" [_thread_in_vm, id=717, stack(0x00007f69a6dd3000,0x00007f69a6ed4000)]

siginfo: si_signo: 11 (SIGSEGV), si_code: 1 (SEGV_MAPERR), si_addr: 0x0000000000000000

Registers:
RAX=0x0000000000000000, RBX=0x00007f69f829c800, RCX=0x00007f69a6ed26c0, RDX=0x00007f69ff8a5638
RSP=0x00007f69a6ed2350, RBP=0x00007f69a6ed23d0, RSI=0x0000000000000000, RDI=0x00007f69f829c800
R8 =0x00007f69a6ed26b8, R9 =0x00007f69a6ed25f0, R10=0x0000000000000008, R11=0x00007f69a6131b20
R12=0x0000000000000000, R13=0x0000000000000000, R14=0x00007f69f829c9e0, R15=0x00007f69a6ed26c0
RIP=0x00007f69fefd045d, EFLAGS=0x0000000000010246, CSGSFS=0x002b000000000033, ERR=0x0000000000000004
  TRAPNO=0x000000000000000e

Top of Stack: (sp=0x00007f69a6ed2350)
0x00007f69a6ed2350:   00007f69f829c800 0000000000000000
0x00007f69a6ed2360:   000000000000000e ffffffffffffffff
0x00007f69a6ed2370:   00b7061006101a12 00bd07101b00b30e
0x00007f69a6ed2380:   07071612590400bb 00bb1700b30e00b7
0x00007f69a6ed2390:   590400bb1100b30e 92cb2c10c55be500
0x00007f69a6ed23a0:   00325f64616f6c61 00007f69f829c9e0
0x00007f69a6ed23b0:   0000000000000000 00007f69e672f9a0
0x00007f69a6ed23c0:   00007f69a6ed26b8 00007f69a6ed26c0
0x00007f69a6ed23d0:   00007f69a6ed25e0 00007f69a6131b6e
0x00007f69a6ed23e0:   0000000000000000 0000000000000000
0x00007f69a6ed23f0:   0000000000000000 0000000000000000
0x00007f69a6ed2400:   0000000000000000 00007f698401d340
0x00007f69a6ed2410:   cafebabecafebabe 00007f69a6ed26b8
0x00007f69a6ed2420:   0000000000000000 0000000000000000
0x00007f69a6ed2430:   00007f69a6ed25f0 00007f69e9061220
0x00007f69a6ed2440:   0000000000000000 00007f69e9061267
0x00007f69a6ed2450:   00007f69e9061620 00007f69a6ed26c0
0x00007f69a6ed2460:   0000000000000000 0000000000000000
0x00007f69a6ed2470:   00007f69e9061220 00007f69f8010000
0x00007f69a6ed2480:   0000000000000002 0000000000000000
0x00007f69a6ed2490:   0000000000000000 0000000000000000
0x00007f69a6ed24a0:   0000000000000000 0000000000000000
0x00007f69a6ed24b0:   0000000000000000 0000000000000000
0x00007f69a6ed24c0:   0000000000000000 0000000000000000
0x00007f69a6ed24d0:   0000000000000000 0000000000000000
0x00007f69a6ed24e0:   0000000000000000 0000000000000000
0x00007f69a6ed24f0:   0000000000000000 0000000000000000
0x00007f69a6ed2500:   0000000000000000 0000000000000000
0x00007f69a6ed2510:   0000000000000000 0000000000000000
0x00007f69a6ed2520:   0000000000000000 0000000000000000
0x00007f69a6ed2530:   0000000000000000 0000000000000000
0x00007f69a6ed2540:   0000000000000000 0000000000000000 

Instructions: (pc=0x00007f69fefd045d)
0x00007f69fefd043d:   5d 80 48 c7 45 88 00 00 00 00 74 09 48 8d 7d 80
0x00007f69fefd044d:   e8 6e 8c 2b 00 90 41 f6 c5 01 0f 85 43 01 00 00
0x00007f69fefd045d:   4d 8b 75 00 48 8d 05 4c 0b 8d 00 48 8d 15 7b f5
0x00007f69fefd046d:   8c 00 48 63 00 4c 01 f0 80 3a 00 74 1e 8b 00 85 

Register to memory mapping:

RAX=0x0000000000000000 is an unknown value
RBX=0x00007f69f829c800 is a thread
RCX=0x00007f69a6ed26c0 is pointing into the stack for thread: 0x00007f69f829c800
RDX=0x00007f69ff8a5638: <offset 0xf6b638> in /usr/lib/jvm/java-8-openjdk-amd64/jre/lib/amd64/server/libjvm.so at 0x00007f69fe93a000
RSP=0x00007f69a6ed2350 is pointing into the stack for thread: 0x00007f69f829c800
RBP=0x00007f69a6ed23d0 is pointing into the stack for thread: 0x00007f69f829c800
RSI=0x0000000000000000 is an unknown value
RDI=0x00007f69f829c800 is a thread
R8 =0x00007f69a6ed26b8 is pointing into the stack for thread: 0x00007f69f829c800
R9 =0x00007f69a6ed25f0 is pointing into the stack for thread: 0x00007f69f829c800
R10=0x0000000000000008 is an unknown value
R11=0x00007f69a6131b20: _Z19rocksdb_open_helperP7JNIEnv_lP8_jstringP13_jobjectArrayP11_jlongArraySt8functionIFN7rocksdb6StatusERKNS8_9DBOptionsERKSsRKSt6vectorINS8_22ColumnFamilyDescriptorESaISG_EEPSF_IPNS8_18ColumnFamilyHandleESaISM_EEPPNS8_2DBEEE+0 in /tmp/librocksdbjni4275381603541552221.so at 0x00007f69a5e7b000
R12=0x0000000000000000 is an unknown value
R13=0x0000000000000000 is an unknown value
R14=0x00007f69f829c9e0 is an unknown value
R15=0x00007f69a6ed26c0 is pointing into the stack for thread: 0x00007f69f829c800


Stack: [0x00007f69a6dd3000,0x00007f69a6ed4000],  sp=0x00007f69a6ed2350,  free space=1020k
Native frames: (J=compiled Java code, j=interpreted, Vv=VM code, C=native code)
V  [libjvm.so+0x69645d]
C  [librocksdbjni4275381603541552221.so+0x2b6b6e]  rocksdb_open_helper(JNIEnv_*, long, _jstring*, _jobjectArray*, _jlongArray*, std::function<rocksdb::Status (rocksdb::DBOptions const&, std::string const&, std::vector<rocksdb::ColumnFamilyDescriptor, std::allocator<rocksdb::ColumnFamilyDescriptor> > const&, std::vector<rocksdb::ColumnFamilyHandle*, std::allocator<rocksdb::ColumnFamilyHandle*> >*, rocksdb::DB**)>)+0x4e
C  [librocksdbjni4275381603541552221.so+0x2b79b4]  Java_org_rocksdb_RocksDB_open__JLjava_lang_String_2_3_3B_3J+0x44
j  org.rocksdb.RocksDB.open(JLjava/lang/String;[[B[J)[J+0
j  org.rocksdb.RocksDB.open(Lorg/rocksdb/DBOptions;Ljava/lang/String;Ljava/util/List;Ljava/util/List;)Lorg/rocksdb/RocksDB;+86
j  com.yahoo.ycsb.db.rocksdb.RocksDBClient.initRocksDB()Lorg/rocksdb/RocksDB;+394
j  com.yahoo.ycsb.db.rocksdb.RocksDBClient.init()V+83
j  com.yahoo.ycsb.DBWrapper.init()V+18
j  com.yahoo.ycsb.ClientThread.run()V+4
j  java.lang.Thread.run()V+11
v  ~StubRoutines::call_stub
V  [libjvm.so+0x6820ea]
V  [libjvm.so+0x67f6cb]
V  [libjvm.so+0x67fcb7]
V  [libjvm.so+0x6c6c2b]
V  [libjvm.so+0xa56023]
V  [libjvm.so+0xa571e8]
V  [libjvm.so+0x8f0732]
C  [libpthread.so.0+0x76db]  start_thread+0xdb

Java frames: (J=compiled Java code, j=interpreted, Vv=VM code)
j  org.rocksdb.RocksDB.open(JLjava/lang/String;[[B[J)[J+0
j  org.rocksdb.RocksDB.open(Lorg/rocksdb/DBOptions;Ljava/lang/String;Ljava/util/List;Ljava/util/List;)Lorg/rocksdb/RocksDB;+86
j  com.yahoo.ycsb.db.rocksdb.RocksDBClient.initRocksDB()Lorg/rocksdb/RocksDB;+394
j  com.yahoo.ycsb.db.rocksdb.RocksDBClient.init()V+83
j  com.yahoo.ycsb.DBWrapper.init()V+18
j  com.yahoo.ycsb.ClientThread.run()V+4
j  java.lang.Thread.run()V+11
v  ~StubRoutines::call_stub

---------------  P R O C E S S  ---------------

Java Threads: ( => current thread )
=>0x00007f69f829c800 JavaThread "Thread-3" [_thread_in_vm, id=717, stack(0x00007f69a6dd3000,0x00007f69a6ed4000)]
  0x00007f69f8296000 JavaThread "Thread-2" [_thread_blocked, id=716, stack(0x00007f69a70eb000,0x00007f69a71ec000)]
  0x00007f69f80d3800 JavaThread "Service Thread" daemon [_thread_blocked, id=713, stack(0x00007f69a72ed000,0x00007f69a73ee000)]
  0x00007f69f80c8800 JavaThread "C1 CompilerThread3" daemon [_thread_blocked, id=712, stack(0x00007f69a73ef000,0x00007f69a74ef000)]
  0x00007f69f80c6000 JavaThread "C2 CompilerThread2" daemon [_thread_blocked, id=711, stack(0x00007f69b40ac000,0x00007f69b41ac000)]
  0x00007f69f80c4800 JavaThread "C2 CompilerThread1" daemon [_thread_blocked, id=710, stack(0x00007f69b41ad000,0x00007f69b42ad000)]
  0x00007f69f80c1800 JavaThread "C2 CompilerThread0" daemon [_thread_blocked, id=703, stack(0x00007f69b42ae000,0x00007f69b43ae000)]
  0x00007f69f80c0000 JavaThread "Signal Dispatcher" daemon [_thread_blocked, id=700, stack(0x00007f69b43ae000,0x00007f69b44af000)]
  0x00007f69f808d800 JavaThread "Finalizer" daemon [_thread_blocked, id=699, stack(0x00007f69b44af000,0x00007f69b45b0000)]
  0x00007f69f808b000 JavaThread "Reference Handler" daemon [_thread_blocked, id=696, stack(0x00007f69e409a000,0x00007f69e419b000)]
  0x00007f69f800b800 JavaThread "main" [_thread_blocked, id=685, stack(0x00007f6a00606000,0x00007f6a00706000)]

Other Threads:
  0x00007f69f8081800 VMThread [stack: 0x00007f69e419c000,0x00007f69e429c000] [id=695]
  0x00007f69f80d6000 WatcherThread [stack: 0x00007f69a71ed000,0x00007f69a72ed000] [id=714]

VM state:not at safepoint (normal execution)

VM Mutex/Monitor currently owned by a thread: None

heap address: 0x00000005cb600000, size: 8010 MB, Compressed Oops mode: Zero based, Oop shift amount: 3
Narrow klass base: 0x0000000000000000, Narrow klass shift: 3
Compressed class space size: 1073741824 Address: 0x00000007c0000000

Heap:
 PSYoungGen      total 150016K, used 16515K [0x0000000719200000, 0x0000000723900000, 0x00000007c0000000)
  eden space 129024K, 12% used [0x0000000719200000,0x000000071a220c50,0x0000000721000000)
  from space 20992K, 0% used [0x0000000722480000,0x0000000722480000,0x0000000723900000)
  to   space 20992K, 0% used [0x0000000721000000,0x0000000721000000,0x0000000722480000)
 ParOldGen       total 343040K, used 0K [0x00000005cb600000, 0x00000005e0500000, 0x0000000719200000)
  object space 343040K, 0% used [0x00000005cb600000,0x00000005cb600000,0x00000005e0500000)
 Metaspace       used 6855K, capacity 6998K, committed 7296K, reserved 1056768K
  class space    used 747K, capacity 825K, committed 896K, reserved 1048576K

Card table byte_map: [0x00007f69e805a000,0x00007f69e9000000] byte_map_base: 0x00007f69e51ff000

Marking Bits: (ParMarkBitMap*) 0x00007f69ff8a9360
 Begin Bits: [0x00007f69b45b0000, 0x00007f69bc2d8000)
 End Bits:   [0x00007f69bc2d8000, 0x00007f69c4000000)

Polling page: 0x00007f6a0072a000

CodeCache: size=245760Kb used=1928Kb max_used=1928Kb free=243832Kb
 bounds [0x00007f69e9000000, 0x00007f69e9270000, 0x00007f69f8000000]
 total_blobs=757 nmethods=403 adapters=269
 compilation: enabled

Compilation events (10 events):
Event: 0.183 Thread 0x00007f69f80c8800  399       3       java.util.WeakHashMap::hash (28 bytes)
Event: 0.183 Thread 0x00007f69f80c8800 nmethod 399 0x00007f69e91e12d0 code [0x00007f69e91e1440, 0x00007f69e91e1688]
Event: 0.183 Thread 0x00007f69f80c8800  400       3       java.util.WeakHashMap::getTable (9 bytes)
Event: 0.183 Thread 0x00007f69f80c8800 nmethod 400 0x00007f69e91e0f10 code [0x00007f69e91e1080, 0x00007f69e91e1228]
Event: 0.183 Thread 0x00007f69f80c8800  401   !   3       java.util.WeakHashMap::expungeStaleEntries (139 bytes)
Event: 0.183 Thread 0x00007f69f80c8800 nmethod 401 0x00007f69e91dfbd0 code [0x00007f69e91dfda0, 0x00007f69e91e08c8]
Event: 0.183 Thread 0x00007f69f80c8800  402       3       java.util.WeakHashMap::indexFor (6 bytes)
Event: 0.183 Thread 0x00007f69f80c8800 nmethod 402 0x00007f69e91df8d0 code [0x00007f69e91dfa20, 0x00007f69e91dfb50]
Event: 0.189 Thread 0x00007f69f80c8800  403       1       sun.misc.URLClassPath$JarLoader::access$600 (5 bytes)
Event: 0.189 Thread 0x00007f69f80c8800 nmethod 403 0x00007f69e91e2750 code [0x00007f69e91e28a0, 0x00007f69e91e2990]

GC Heap History (0 events):
No events

Deoptimization events (0 events):
No events

Classes redefined (0 events):
No events

Internal exceptions (10 events):
Event: 0.048 Thread 0x00007f69f800b800 Exception <a 'java/security/PrivilegedActionException'> (0x00000007192f1888) thrown at [/build/openjdk-8-OqY7zN/openjdk-8-8u222-b10/src/hotspot/src/share/vm/prims/jvm.cpp, line 1502]
Event: 0.048 Thread 0x00007f69f800b800 Exception <a 'java/security/PrivilegedActionException'> (0x00000007192f1a98) thrown at [/build/openjdk-8-OqY7zN/openjdk-8-8u222-b10/src/hotspot/src/share/vm/prims/jvm.cpp, line 1502]
Event: 0.048 Thread 0x00007f69f800b800 Exception <a 'java/security/PrivilegedActionException'> (0x00000007192f2570) thrown at [/build/openjdk-8-OqY7zN/openjdk-8-8u222-b10/src/hotspot/src/share/vm/prims/jvm.cpp, line 1502]
Event: 0.049 Thread 0x00007f69f800b800 Exception <a 'java/security/PrivilegedActionException'> (0x00000007192f2780) thrown at [/build/openjdk-8-OqY7zN/openjdk-8-8u222-b10/src/hotspot/src/share/vm/prims/jvm.cpp, line 1502]
Event: 0.064 Thread 0x00007f69f800b800 Exception <a 'java/lang/NoClassDefFoundError': org/apache/log4j/Category> (0x00000007193eb290) thrown at [/build/openjdk-8-OqY7zN/openjdk-8-8u222-b10/src/hotspot/src/share/vm/classfile/systemDictionary.cpp, line 199]
Event: 0.076 Thread 0x00007f69f8214800 Exception <a 'java/lang/InterruptedException': sleep interrupted> (0x000000071980a458) thrown at [/build/openjdk-8-OqY7zN/openjdk-8-8u222-b10/src/hotspot/src/share/vm/prims/jvm.cpp, line 3336]
Event: 0.084 Thread 0x00007f69f800b800 Exception <a 'java/lang/NoClassDefFoundError': org/slf4j/impl/StaticLoggerBinder> (0x0000000719b1e3c0) thrown at [/build/openjdk-8-OqY7zN/openjdk-8-8u222-b10/src/hotspot/src/share/vm/classfile/systemDictionary.cpp, line 199]
Event: 0.114 Thread 0x00007f69f829c800 Exception <a 'java/lang/NoSuchFieldError': method resolution failed> (0x000000071a06e4f8) thrown at [/build/openjdk-8-OqY7zN/openjdk-8-8u222-b10/src/hotspot/src/share/vm/prims/methodHandles.cpp, line 1167]
Event: 0.115 Thread 0x00007f69f829c800 Exception <a 'java/lang/NoSuchFieldError': method resolution failed> (0x000000071a07b818) thrown at [/build/openjdk-8-OqY7zN/openjdk-8-8u222-b10/src/hotspot/src/share/vm/prims/methodHandles.cpp, line 1167]
Event: 0.125 Thread 0x00007f69f829c800 Exception <a 'sun/nio/fs/UnixException'> (0x000000071a0f8600) thrown at [/build/openjdk-8-OqY7zN/openjdk-8-8u222-b10/src/hotspot/src/share/vm/prims/jni.cpp, line 710]

Events (10 events):
Event: 0.143 loading class java/io/DeleteOnExitHook$1
Event: 0.143 loading class java/io/DeleteOnExitHook$1 done
Event: 0.144 loading class java/nio/file/StandardCopyOption
Event: 0.144 loading class java/nio/file/StandardCopyOption done
Event: 0.144 loading class java/nio/channels/Channels$1
Event: 0.144 loading class java/nio/channels/Channels$1 done
Event: 0.189 loading class org/rocksdb/ColumnFamilyDescriptor
Event: 0.189 loading class org/rocksdb/ColumnFamilyDescriptor done
Event: 0.190 loading class org/rocksdb/InfoLogLevel
Event: 0.190 loading class org/rocksdb/InfoLogLevel done


Dynamic libraries:
5cb600000-5e0500000 rw-p 00000000 00:00 0 
5e0500000-719200000 ---p 00000000 00:00 0 
719200000-723900000 rw-p 00000000 00:00 0 
723900000-7c0000000 ---p 00000000 00:00 0 
7c0000000-7c00e0000 rw-p 00000000 00:00 0 
7c00e0000-800000000 ---p 00000000 00:00 0 
5619159f4000-5619159f5000 r-xp 00000000 08:02 927431                     /usr/lib/jvm/java-8-openjdk-amd64/jre/bin/java
561915bf4000-561915bf5000 r--p 00000000 08:02 927431                     /usr/lib/jvm/java-8-openjdk-amd64/jre/bin/java
561915bf5000-561915bf6000 rw-p 00001000 08:02 927431                     /usr/lib/jvm/java-8-openjdk-amd64/jre/bin/java
5619160bc000-5619160dd000 rw-p 00000000 00:00 0                          [heap]
7f6930000000-7f6930021000 rw-p 00000000 00:00 0 
7f6930021000-7f6934000000 ---p 00000000 00:00 0 
7f6938000000-7f6938021000 rw-p 00000000 00:00 0 
7f6938021000-7f693c000000 ---p 00000000 00:00 0 
7f693c000000-7f693c021000 rw-p 00000000 00:00 0 
7f693c021000-7f6940000000 ---p 00000000 00:00 0 
7f6940000000-7f6940021000 rw-p 00000000 00:00 0 
7f6940021000-7f6944000000 ---p 00000000 00:00 0 
7f6944000000-7f6944021000 rw-p 00000000 00:00 0 
7f6944021000-7f6948000000 ---p 00000000 00:00 0 
7f6948000000-7f6948021000 rw-p 00000000 00:00 0 
7f6948021000-7f694c000000 ---p 00000000 00:00 0 
7f694c000000-7f694c021000 rw-p 00000000 00:00 0 
7f694c021000-7f6950000000 ---p 00000000 00:00 0 
7f6950000000-7f6950021000 rw-p 00000000 00:00 0 
7f6950021000-7f6954000000 ---p 00000000 00:00 0 
7f69547f9000-7f69547fa000 ---p 00000000 00:00 0 
7f69547fa000-7f6954ffa000 rw-p 00000000 00:00 0 
7f6954ffa000-7f6954ffb000 ---p 00000000 00:00 0 
7f6954ffb000-7f69557fb000 rw-p 00000000 00:00 0 
7f69557fb000-7f69557fc000 ---p 00000000 00:00 0 
7f69557fc000-7f6955ffc000 rw-p 00000000 00:00 0 
7f6955ffc000-7f6955ffd000 ---p 00000000 00:00 0 
7f6955ffd000-7f69567fd000 rw-p 00000000 00:00 0 
7f69567fd000-7f69567fe000 ---p 00000000 00:00 0 
7f69567fe000-7f6956ffe000 rw-p 00000000 00:00 0 
7f6956ffe000-7f6956fff000 ---p 00000000 00:00 0 
7f6956fff000-7f69577ff000 rw-p 00000000 00:00 0 
7f69577ff000-7f6957800000 ---p 00000000 00:00 0 
7f6957800000-7f6958000000 rw-p 00000000 00:00 0 
7f6958000000-7f6958021000 rw-p 00000000 00:00 0 
7f6958021000-7f695c000000 ---p 00000000 00:00 0 
7f695c000000-7f695c021000 rw-p 00000000 00:00 0 
7f695c021000-7f6960000000 ---p 00000000 00:00 0 
7f6960000000-7f6960021000 rw-p 00000000 00:00 0 
7f6960021000-7f6964000000 ---p 00000000 00:00 0 
7f6964000000-7f6964021000 rw-p 00000000 00:00 0 
7f6964021000-7f6968000000 ---p 00000000 00:00 0 
7f6968000000-7f6968021000 rw-p 00000000 00:00 0 
7f6968021000-7f696c000000 ---p 00000000 00:00 0 
7f696c000000-7f696c021000 rw-p 00000000 00:00 0 
7f696c021000-7f6970000000 ---p 00000000 00:00 0 
7f6970000000-7f6970021000 rw-p 00000000 00:00 0 
7f6970021000-7f6974000000 ---p 00000000 00:00 0 
7f69747f9000-7f69747fa000 ---p 00000000 00:00 0 
7f69747fa000-7f6974ffa000 rw-p 00000000 00:00 0 
7f6974ffa000-7f6974ffb000 ---p 00000000 00:00 0 
7f6974ffb000-7f69757fb000 rw-p 00000000 00:00 0 
7f69757fb000-7f69757fc000 ---p 00000000 00:00 0 
7f69757fc000-7f6975ffc000 rw-p 00000000 00:00 0 
7f6975ffc000-7f6975ffd000 ---p 00000000 00:00 0 
7f6975ffd000-7f69767fd000 rw-p 00000000 00:00 0 
7f69767fd000-7f69767fe000 ---p 00000000 00:00 0 
7f69767fe000-7f6976ffe000 rw-p 00000000 00:00 0 
7f6976ffe000-7f6976fff000 ---p 00000000 00:00 0 
7f6976fff000-7f69777ff000 rw-p 00000000 00:00 0 
7f69777ff000-7f6977800000 ---p 00000000 00:00 0 
7f6977800000-7f6978000000 rw-p 00000000 00:00 0 
7f6978000000-7f6978021000 rw-p 00000000 00:00 0 
7f6978021000-7f697c000000 ---p 00000000 00:00 0 
7f697c000000-7f697c021000 rw-p 00000000 00:00 0 
7f697c021000-7f6980000000 ---p 00000000 00:00 0 
7f6980000000-7f6980023000 rw-p 00000000 00:00 0 
7f6980023000-7f6984000000 ---p 00000000 00:00 0 
7f6984000000-7f69843b1000 rw-p 00000000 00:00 0 
7f69843b1000-7f6988000000 ---p 00000000 00:00 0 
7f6988000000-7f6988021000 rw-p 00000000 00:00 0 
7f6988021000-7f698c000000 ---p 00000000 00:00 0 
7f698c000000-7f698c021000 rw-p 00000000 00:00 0 
7f698c021000-7f6990000000 ---p 00000000 00:00 0 
7f6990000000-7f6990021000 rw-p 00000000 00:00 0 
7f6990021000-7f6994000000 ---p 00000000 00:00 0 
7f6994000000-7f69941dd000 rw-p 00000000 00:00 0 
7f69941dd000-7f6998000000 ---p 00000000 00:00 0 
7f6998000000-7f6998103000 rw-p 00000000 00:00 0 
7f6998103000-7f699c000000 ---p 00000000 00:00 0 
7f699c000000-7f699c03b000 rw-p 00000000 00:00 0 
7f699c03b000-7f69a0000000 ---p 00000000 00:00 0 
7f69a0000000-7f69a0021000 rw-p 00000000 00:00 0 
7f69a0021000-7f69a4000000 ---p 00000000 00:00 0 
7f69a4678000-7f69a4679000 ---p 00000000 00:00 0 
7f69a4679000-7f69a4e79000 rw-p 00000000 00:00 0 
7f69a4e79000-7f69a4e7a000 ---p 00000000 00:00 0 
7f69a4e7a000-7f69a567a000 rw-p 00000000 00:00 0 
7f69a567a000-7f69a567b000 ---p 00000000 00:00 0 
7f69a567b000-7f69a5e7b000 rw-p 00000000 00:00 0 
7f69a5e7b000-7f69a651c000 r-xp 00000000 08:02 5245956                    /tmp/librocksdbjni4275381603541552221.so
7f69a651c000-7f69a671b000 ---p 006a1000 08:02 5245956                    /tmp/librocksdbjni4275381603541552221.so
7f69a671b000-7f69a6736000 rw-p 006a0000 08:02 5245956                    /tmp/librocksdbjni4275381603541552221.so
7f69a6736000-7f69a673e000 rw-p 00000000 00:00 0 
7f69a673e000-7f69a67b8000 r-xp 00000000 08:02 526394                     /usr/lib/x86_64-linux-gnu/libzstd.so.1.3.3
7f69a67b8000-7f69a69b7000 ---p 0007a000 08:02 526394                     /usr/lib/x86_64-linux-gnu/libzstd.so.1.3.3
7f69a69b7000-7f69a69b8000 r--p 00079000 08:02 526394                     /usr/lib/x86_64-linux-gnu/libzstd.so.1.3.3
7f69a69b8000-7f69a69b9000 rw-p 0007a000 08:02 526394                     /usr/lib/x86_64-linux-gnu/libzstd.so.1.3.3
7f69a69b9000-7f69a69c0000 r-xp 00000000 08:02 538212                     /usr/lib/x86_64-linux-gnu/libsnappy.so.1.1.7
7f69a69c0000-7f69a6bbf000 ---p 00007000 08:02 538212                     /usr/lib/x86_64-linux-gnu/libsnappy.so.1.1.7
7f69a6bbf000-7f69a6bc0000 r--p 00006000 08:02 538212                     /usr/lib/x86_64-linux-gnu/libsnappy.so.1.1.7
7f69a6bc0000-7f69a6bc1000 rw-p 00007000 08:02 538212                     /usr/lib/x86_64-linux-gnu/libsnappy.so.1.1.7
7f69a6bc1000-7f69a6bd2000 r-xp 00000000 08:02 1056056                    /usr/lib/jvm/java-8-openjdk-amd64/jre/lib/amd64/libnio.so
7f69a6bd2000-7f69a6dd1000 ---p 00011000 08:02 1056056                    /usr/lib/jvm/java-8-openjdk-amd64/jre/lib/amd64/libnio.so
7f69a6dd1000-7f69a6dd2000 r--p 00010000 08:02 1056056                    /usr/lib/jvm/java-8-openjdk-amd64/jre/lib/amd64/libnio.so
7f69a6dd2000-7f69a6dd3000 rw-p 00011000 08:02 1056056                    /usr/lib/jvm/java-8-openjdk-amd64/jre/lib/amd64/libnio.so
7f69a6dd3000-7f69a6dd6000 ---p 00000000 00:00 0 
7f69a6dd6000-7f69a6ed4000 rw-p 00000000 00:00 0 
7f69a6ed4000-7f69a6eea000 r-xp 00000000 08:02 1056055                    /usr/lib/jvm/java-8-openjdk-amd64/jre/lib/amd64/libnet.so
7f69a6eea000-7f69a70e9000 ---p 00016000 08:02 1056055                    /usr/lib/jvm/java-8-openjdk-amd64/jre/lib/amd64/libnet.so
7f69a70e9000-7f69a70ea000 r--p 00015000 08:02 1056055                    /usr/lib/jvm/java-8-openjdk-amd64/jre/lib/amd64/libnet.so
7f69a70ea000-7f69a70eb000 rw-p 00016000 08:02 1056055                    /usr/lib/jvm/java-8-openjdk-amd64/jre/lib/amd64/libnet.so
7f69a70eb000-7f69a70ee000 ---p 00000000 00:00 0 
7f69a70ee000-7f69a71ec000 rw-p 00000000 00:00 0 
7f69a71ec000-7f69a71ed000 ---p 00000000 00:00 0 
7f69a71ed000-7f69a72ed000 rw-p 00000000 00:00 0 
7f69a72ed000-7f69a72f0000 ---p 00000000 00:00 0 
7f69a72f0000-7f69a73ee000 rw-p 00000000 00:00 0 
7f69a73ee000-7f69a73ef000 ---p 00000000 00:00 0 
7f69a73ef000-7f69a73f2000 ---p 00000000 00:00 0 
7f69a73f2000-7f69a74ef000 rw-p 00000000 00:00 0 
7f69a74ef000-7f69a8000000 r--p 00000000 08:02 531124                     /usr/lib/locale/locale-archive
7f69a8000000-7f69a8021000 rw-p 00000000 00:00 0 
7f69a8021000-7f69ac000000 ---p 00000000 00:00 0 
7f69ac000000-7f69ac021000 rw-p 00000000 00:00 0 
7f69ac021000-7f69b0000000 ---p 00000000 00:00 0 
7f69b0000000-7f69b0021000 rw-p 00000000 00:00 0 
7f69b0021000-7f69b4000000 ---p 00000000 00:00 0 
7f69b40ab000-7f69b40ac000 ---p 00000000 00:00 0 
7f69b40ac000-7f69b40af000 ---p 00000000 00:00 0 
7f69b40af000-7f69b41ac000 rw-p 00000000 00:00 0 
7f69b41ac000-7f69b41ad000 ---p 00000000 00:00 0 
7f69b41ad000-7f69b41b0000 ---p 00000000 00:00 0 
7f69b41b0000-7f69b42ad000 rw-p 00000000 00:00 0 
7f69b42ad000-7f69b42ae000 ---p 00000000 00:00 0 
7f69b42ae000-7f69b42b1000 ---p 00000000 00:00 0 
7f69b42b1000-7f69b43ae000 rw-p 00000000 00:00 0 
7f69b43ae000-7f69b43b1000 ---p 00000000 00:00 0 
7f69b43b1000-7f69b44af000 rw-p 00000000 00:00 0 
7f69b44af000-7f69b44b2000 ---p 00000000 00:00 0 
7f69b44b2000-7f69c4000000 rw-p 00000000 00:00 0 
7f69c4000000-7f69c4021000 rw-p 00000000 00:00 0 
7f69c4021000-7f69c8000000 ---p 00000000 00:00 0 
7f69c8000000-7f69c8021000 rw-p 00000000 00:00 0 
7f69c8021000-7f69cc000000 ---p 00000000 00:00 0 
7f69cc000000-7f69cc021000 rw-p 00000000 00:00 0 
7f69cc021000-7f69d0000000 ---p 00000000 00:00 0 
7f69d0000000-7f69d0021000 rw-p 00000000 00:00 0 
7f69d0021000-7f69d4000000 ---p 00000000 00:00 0 
7f69d4000000-7f69d4021000 rw-p 00000000 00:00 0 
7f69d4021000-7f69d8000000 ---p 00000000 00:00 0 
7f69d8000000-7f69d8021000 rw-p 00000000 00:00 0 
7f69d8021000-7f69dc000000 ---p 00000000 00:00 0 
7f69dc000000-7f69dc021000 rw-p 00000000 00:00 0 
7f69dc021000-7f69e0000000 ---p 00000000 00:00 0 
7f69e0000000-7f69e0021000 rw-p 00000000 00:00 0 
7f69e0021000-7f69e4000000 ---p 00000000 00:00 0 
7f69e401c000-7f69e4021000 r--s 000a3000 08:02 1056071                    /usr/lib/jvm/java-8-openjdk-amd64/jre/lib/jsse.jar
7f69e4021000-7f69e4052000 rw-p 00000000 00:00 0 
7f69e4052000-7f69e4056000 r--s 00034000 08:02 5112607                    /home/supermt/.m2/repository/org/codehaus/jackson/jackson-core-asl/1.9.4/jackson-core-asl-1.9.4.jar
7f69e4056000-7f69e4064000 r--s 000b0000 08:02 5112605                    /home/supermt/.m2/repository/org/codehaus/jackson/jackson-mapper-asl/1.9.4/jackson-mapper-asl-1.9.4.jar
7f69e4064000-7f69e407f000 r--s 00394000 08:02 1316339                    /usr/lib/jvm/java-8-openjdk-amd64/jre/lib/ext/cldrdata.jar
7f69e407f000-7f69e409a000 r--s 001d6000 08:02 1316344                    /usr/lib/jvm/java-8-openjdk-amd64/jre/lib/ext/nashorn.jar
7f69e409a000-7f69e409d000 ---p 00000000 00:00 0 
7f69e409d000-7f69e419b000 rw-p 00000000 00:00 0 
7f69e419b000-7f69e419c000 ---p 00000000 00:00 0 
7f69e419c000-7f69e5f0d000 rw-p 00000000 00:00 0 
7f69e5f0d000-7f69e60dd000 r--s 03c5c000 08:02 1056076                    /usr/lib/jvm/java-8-openjdk-amd64/jre/lib/rt.jar
7f69e60dd000-7f69e67ee000 rw-p 00000000 00:00 0 
7f69e67ee000-7f69e69ae000 ---p 00000000 00:00 0 
7f69e69ae000-7f69e7953000 rw-p 00000000 00:00 0 
7f69e7953000-7f69e7954000 ---p 00000000 00:00 0 
7f69e7954000-7f69e7a54000 rw-p 00000000 00:00 0 
7f69e7a54000-7f69e7a55000 ---p 00000000 00:00 0 
7f69e7a55000-7f69e7b55000 rw-p 00000000 00:00 0 
7f69e7b55000-7f69e7b56000 ---p 00000000 00:00 0 
7f69e7b56000-7f69e7c56000 rw-p 00000000 00:00 0 
7f69e7c56000-7f69e7c57000 ---p 00000000 00:00 0 
7f69e7c57000-7f69e7d57000 rw-p 00000000 00:00 0 
7f69e7d57000-7f69e7d58000 ---p 00000000 00:00 0 
7f69e7d58000-7f69e7e58000 rw-p 00000000 00:00 0 
7f69e7e58000-7f69e7e59000 ---p 00000000 00:00 0 
7f69e7e59000-7f69e7f59000 rw-p 00000000 00:00 0 
7f69e7f59000-7f69e7f5a000 ---p 00000000 00:00 0 
7f69e7f5a000-7f69e8102000 rw-p 00000000 00:00 0 
7f69e8102000-7f69e8ac8000 ---p 00000000 00:00 0 
7f69e8ac8000-7f69e8b1c000 rw-p 00000000 00:00 0 
7f69e8b1c000-7f69e8fff000 ---p 00000000 00:00 0 
7f69e8fff000-7f69e9000000 rw-p 00000000 00:00 0 
7f69e9000000-7f69e9270000 rwxp 00000000 00:00 0 
7f69e9270000-7f69f8000000 ---p 00000000 00:00 0 
7f69f8000000-7f69f82a7000 rw-p 00000000 00:00 0 
7f69f82a7000-7f69fc000000 ---p 00000000 00:00 0 
7f69fc000000-7f69fc01a000 r--s 00155000 08:02 5112603                    /home/supermt/.m2/repository/org/apache/htrace/htrace-core4/4.1.0-incubating/htrace-core4-4.1.0-incubating.jar
7f69fc01a000-7f69fc03b000 rw-p 00000000 00:00 0 
7f69fc03b000-7f69fc03c000 ---p 00000000 00:00 0 
7f69fc03c000-7f69fc1e4000 rw-p 00000000 00:00 0 
7f69fc1e4000-7f69fcbaa000 ---p 00000000 00:00 0 
7f69fcbaa000-7f69fcbb4000 rw-p 00000000 00:00 0 
7f69fcbb4000-7f69fcf6a000 ---p 00000000 00:00 0 
7f69fcf6a000-7f69fcf72000 r-xp 00000000 08:02 1056063                    /usr/lib/jvm/java-8-openjdk-amd64/jre/lib/amd64/libzip.so
7f69fcf72000-7f69fd171000 ---p 00008000 08:02 1056063                    /usr/lib/jvm/java-8-openjdk-amd64/jre/lib/amd64/libzip.so
7f69fd171000-7f69fd172000 r--p 00007000 08:02 1056063                    /usr/lib/jvm/java-8-openjdk-amd64/jre/lib/amd64/libzip.so
7f69fd172000-7f69fd173000 rw-p 00008000 08:02 1056063                    /usr/lib/jvm/java-8-openjdk-amd64/jre/lib/amd64/libzip.so
7f69fd173000-7f69fd17e000 r-xp 00000000 08:02 1840226                    /lib/x86_64-linux-gnu/libnss_files-2.27.so
7f69fd17e000-7f69fd37d000 ---p 0000b000 08:02 1840226                    /lib/x86_64-linux-gnu/libnss_files-2.27.so
7f69fd37d000-7f69fd37e000 r--p 0000a000 08:02 1840226                    /lib/x86_64-linux-gnu/libnss_files-2.27.so
7f69fd37e000-7f69fd37f000 rw-p 0000b000 08:02 1840226                    /lib/x86_64-linux-gnu/libnss_files-2.27.so
7f69fd37f000-7f69fd385000 rw-p 00000000 00:00 0 
7f69fd385000-7f69fd39c000 r-xp 00000000 08:02 1840220                    /lib/x86_64-linux-gnu/libnsl-2.27.so
7f69fd39c000-7f69fd59b000 ---p 00017000 08:02 1840220                    /lib/x86_64-linux-gnu/libnsl-2.27.so
7f69fd59b000-7f69fd59c000 r--p 00016000 08:02 1840220                    /lib/x86_64-linux-gnu/libnsl-2.27.so
7f69fd59c000-7f69fd59d000 rw-p 00017000 08:02 1840220                    /lib/x86_64-linux-gnu/libnsl-2.27.so
7f69fd59d000-7f69fd59f000 rw-p 00000000 00:00 0 
7f69fd59f000-7f69fd5aa000 r-xp 00000000 08:02 1840237                    /lib/x86_64-linux-gnu/libnss_nis-2.27.so
7f69fd5aa000-7f69fd7a9000 ---p 0000b000 08:02 1840237                    /lib/x86_64-linux-gnu/libnss_nis-2.27.so
7f69fd7a9000-7f69fd7aa000 r--p 0000a000 08:02 1840237                    /lib/x86_64-linux-gnu/libnss_nis-2.27.so
7f69fd7aa000-7f69fd7ab000 rw-p 0000b000 08:02 1840237                    /lib/x86_64-linux-gnu/libnss_nis-2.27.so
7f69fd7ab000-7f69fd7b3000 r-xp 00000000 08:02 1840222                    /lib/x86_64-linux-gnu/libnss_compat-2.27.so
7f69fd7b3000-7f69fd9b3000 ---p 00008000 08:02 1840222                    /lib/x86_64-linux-gnu/libnss_compat-2.27.so
7f69fd9b3000-7f69fd9b4000 r--p 00008000 08:02 1840222                    /lib/x86_64-linux-gnu/libnss_compat-2.27.so
7f69fd9b4000-7f69fd9b5000 rw-p 00009000 08:02 1840222                    /lib/x86_64-linux-gnu/libnss_compat-2.27.so
7f69fd9b5000-7f69fd9df000 r-xp 00000000 08:02 1056044                    /usr/lib/jvm/java-8-openjdk-amd64/jre/lib/amd64/libjava.so
7f69fd9df000-7f69fdbde000 ---p 0002a000 08:02 1056044                    /usr/lib/jvm/java-8-openjdk-amd64/jre/lib/amd64/libjava.so
7f69fdbde000-7f69fdbdf000 r--p 00029000 08:02 1056044                    /usr/lib/jvm/java-8-openjdk-amd64/jre/lib/amd64/libjava.so
7f69fdbdf000-7f69fdbe1000 rw-p 0002a000 08:02 1056044                    /usr/lib/jvm/java-8-openjdk-amd64/jre/lib/amd64/libjava.so
7f69fdbe1000-7f69fdbf1000 r-xp 00000000 08:02 1056062                    /usr/lib/jvm/java-8-openjdk-amd64/jre/lib/amd64/libverify.so
7f69fdbf1000-7f69fddf0000 ---p 00010000 08:02 1056062                    /usr/lib/jvm/java-8-openjdk-amd64/jre/lib/amd64/libverify.so
7f69fddf0000-7f69fddf2000 r--p 0000f000 08:02 1056062                    /usr/lib/jvm/java-8-openjdk-amd64/jre/lib/amd64/libverify.so
7f69fddf2000-7f69fddf3000 rw-p 00011000 08:02 1056062                    /usr/lib/jvm/java-8-openjdk-amd64/jre/lib/amd64/libverify.so
7f69fddf3000-7f69fddfa000 r-xp 00000000 08:02 1840277                    /lib/x86_64-linux-gnu/librt-2.27.so
7f69fddfa000-7f69fdff9000 ---p 00007000 08:02 1840277                    /lib/x86_64-linux-gnu/librt-2.27.so
7f69fdff9000-7f69fdffa000 r--p 00006000 08:02 1840277                    /lib/x86_64-linux-gnu/librt-2.27.so
7f69fdffa000-7f69fdffb000 rw-p 00007000 08:02 1840277                    /lib/x86_64-linux-gnu/librt-2.27.so
7f69fdffb000-7f69fe012000 r-xp 00000000 08:02 1840173                    /lib/x86_64-linux-gnu/libgcc_s.so.1
7f69fe012000-7f69fe211000 ---p 00017000 08:02 1840173                    /lib/x86_64-linux-gnu/libgcc_s.so.1
7f69fe211000-7f69fe212000 r--p 00016000 08:02 1840173                    /lib/x86_64-linux-gnu/libgcc_s.so.1
7f69fe212000-7f69fe213000 rw-p 00017000 08:02 1840173                    /lib/x86_64-linux-gnu/libgcc_s.so.1
7f69fe213000-7f69fe3b0000 r-xp 00000000 08:02 1840199                    /lib/x86_64-linux-gnu/libm-2.27.so
7f69fe3b0000-7f69fe5af000 ---p 0019d000 08:02 1840199                    /lib/x86_64-linux-gnu/libm-2.27.so
7f69fe5af000-7f69fe5b0000 r--p 0019c000 08:02 1840199                    /lib/x86_64-linux-gnu/libm-2.27.so
7f69fe5b0000-7f69fe5b1000 rw-p 0019d000 08:02 1840199                    /lib/x86_64-linux-gnu/libm-2.27.so
7f69fe5b1000-7f69fe72a000 r-xp 00000000 08:02 533267                     /usr/lib/x86_64-linux-gnu/libstdc++.so.6.0.25
7f69fe72a000-7f69fe92a000 ---p 00179000 08:02 533267                     /usr/lib/x86_64-linux-gnu/libstdc++.so.6.0.25
7f69fe92a000-7f69fe934000 r--p 00179000 08:02 533267                     /usr/lib/x86_64-linux-gnu/libstdc++.so.6.0.25
7f69fe934000-7f69fe936000 rw-p 00183000 08:02 533267                     /usr/lib/x86_64-linux-gnu/libstdc++.so.6.0.25
7f69fe936000-7f69fe93a000 rw-p 00000000 00:00 0 
7f69fe93a000-7f69ff5d9000 r-xp 00000000 08:02 1182919                    /usr/lib/jvm/java-8-openjdk-amd64/jre/lib/amd64/server/libjvm.so
7f69ff5d9000-7f69ff7d9000 ---p 00c9f000 08:02 1182919                    /usr/lib/jvm/java-8-openjdk-amd64/jre/lib/amd64/server/libjvm.so
7f69ff7d9000-7f69ff86d000 r--p 00c9f000 08:02 1182919                    /usr/lib/jvm/java-8-openjdk-amd64/jre/lib/amd64/server/libjvm.so
7f69ff86d000-7f69ff896000 rw-p 00d33000 08:02 1182919                    /usr/lib/jvm/java-8-openjdk-amd64/jre/lib/amd64/server/libjvm.so
7f69ff896000-7f69ff8c6000 rw-p 00000000 00:00 0 
7f69ff8c6000-7f69ff8e0000 r-xp 00000000 08:02 1840269                    /lib/x86_64-linux-gnu/libpthread-2.27.so
7f69ff8e0000-7f69ffadf000 ---p 0001a000 08:02 1840269                    /lib/x86_64-linux-gnu/libpthread-2.27.so
7f69ffadf000-7f69ffae0000 r--p 00019000 08:02 1840269                    /lib/x86_64-linux-gnu/libpthread-2.27.so
7f69ffae0000-7f69ffae1000 rw-p 0001a000 08:02 1840269                    /lib/x86_64-linux-gnu/libpthread-2.27.so
7f69ffae1000-7f69ffae5000 rw-p 00000000 00:00 0 
7f69ffae5000-7f69ffae8000 r-xp 00000000 08:02 1840159                    /lib/x86_64-linux-gnu/libdl-2.27.so
7f69ffae8000-7f69ffce7000 ---p 00003000 08:02 1840159                    /lib/x86_64-linux-gnu/libdl-2.27.so
7f69ffce7000-7f69ffce8000 r--p 00002000 08:02 1840159                    /lib/x86_64-linux-gnu/libdl-2.27.so
7f69ffce8000-7f69ffce9000 rw-p 00003000 08:02 1840159                    /lib/x86_64-linux-gnu/libdl-2.27.so
7f69ffce9000-7f69ffd05000 r-xp 00000000 08:02 1840308                    /lib/x86_64-linux-gnu/libz.so.1.2.11
7f69ffd05000-7f69fff04000 ---p 0001c000 08:02 1840308                    /lib/x86_64-linux-gnu/libz.so.1.2.11
7f69fff04000-7f69fff05000 r--p 0001b000 08:02 1840308                    /lib/x86_64-linux-gnu/libz.so.1.2.11
7f69fff05000-7f69fff06000 rw-p 0001c000 08:02 1840308                    /lib/x86_64-linux-gnu/libz.so.1.2.11
7f69fff06000-7f6a000ed000 r-xp 00000000 08:02 1840136                    /lib/x86_64-linux-gnu/libc-2.27.so
7f6a000ed000-7f6a002ed000 ---p 001e7000 08:02 1840136                    /lib/x86_64-linux-gnu/libc-2.27.so
7f6a002ed000-7f6a002f1000 r--p 001e7000 08:02 1840136                    /lib/x86_64-linux-gnu/libc-2.27.so
7f6a002f1000-7f6a002f3000 rw-p 001eb000 08:02 1840136                    /lib/x86_64-linux-gnu/libc-2.27.so
7f6a002f3000-7f6a002f7000 rw-p 00000000 00:00 0 
7f6a002f7000-7f6a00305000 r-xp 00000000 08:02 1182916                    /usr/lib/jvm/java-8-openjdk-amd64/jre/lib/amd64/jli/libjli.so
7f6a00305000-7f6a00504000 ---p 0000e000 08:02 1182916                    /usr/lib/jvm/java-8-openjdk-amd64/jre/lib/amd64/jli/libjli.so
7f6a00504000-7f6a00505000 r--p 0000d000 08:02 1182916                    /usr/lib/jvm/java-8-openjdk-amd64/jre/lib/amd64/jli/libjli.so
7f6a00505000-7f6a00506000 rw-p 0000e000 08:02 1182916                    /usr/lib/jvm/java-8-openjdk-amd64/jre/lib/amd64/jli/libjli.so
7f6a00506000-7f6a0052d000 r-xp 00000000 08:02 1840108                    /lib/x86_64-linux-gnu/ld-2.27.so
7f6a0052e000-7f6a00530000 r--s 00022000 08:02 4991470                    /home/supermt/git/YCSB/core/target/core-0.17.0-SNAPSHOT.jar
7f6a00530000-7f6a00533000 r--s 00017000 08:02 5112619                    /home/supermt/.m2/repository/org/hdrhistogram/HdrHistogram/2.1.4/HdrHistogram-2.1.4.jar
7f6a00533000-7f6a00534000 r--s 00000000 08:02 5112514                    /home/supermt/.m2/repository/net/jcip/jcip-annotations/1.0/jcip-annotations-1.0.jar
7f6a00534000-7f6a00539000 r--s 00cec000 08:02 5112515                    /home/supermt/.m2/repository/org/rocksdb/rocksdbjni/5.11.3/rocksdbjni-5.11.3.jar
7f6a00539000-7f6a0053b000 r--s 00009000 08:02 5112517                    /home/supermt/.m2/repository/org/slf4j/slf4j-api/1.7.25/slf4j-api-1.7.25.jar
7f6a0053b000-7f6a0053d000 r--s 00002000 08:02 5377883                    /home/supermt/git/YCSB/rocksdb/target/rocksdb-binding-0.17.0-SNAPSHOT.jar
7f6a0053d000-7f6a00540000 r--s 00039000 08:02 1316347                    /usr/lib/jvm/java-8-openjdk-amd64/jre/lib/ext/sunpkcs11.jar
7f6a00540000-7f6a00605000 rw-p 00000000 00:00 0 
7f6a00605000-7f6a00606000 ---p 00000000 00:00 0 
7f6a00606000-7f6a00609000 ---p 00000000 00:00 0 
7f6a00609000-7f6a00708000 rw-p 00000000 00:00 0 
7f6a00708000-7f6a00712000 r--s 00116000 08:02 1316343                    /usr/lib/jvm/java-8-openjdk-amd64/jre/lib/ext/localedata.jar
7f6a00712000-7f6a00714000 r--s 00007000 08:02 927441                     /usr/share/java/java-atk-wrapper.jar
7f6a00714000-7f6a00715000 r--s 0000d000 08:02 1316345                    /usr/lib/jvm/java-8-openjdk-amd64/jre/lib/ext/sunec.jar
7f6a00715000-7f6a00717000 r--s 00001000 08:02 1316340                    /usr/lib/jvm/java-8-openjdk-amd64/jre/lib/ext/dnsns.jar
7f6a00717000-7f6a00718000 r--s 0000a000 08:02 1316342                    /usr/lib/jvm/java-8-openjdk-amd64/jre/lib/ext/jaccess.jar
7f6a00718000-7f6a00719000 r--s 00010000 08:02 1316348                    /usr/lib/jvm/java-8-openjdk-amd64/jre/lib/ext/zipfs.jar
7f6a00719000-7f6a0071c000 r--s 0000f000 08:02 1316341                    /usr/lib/jvm/java-8-openjdk-amd64/jre/lib/ext/icedtea-sound.jar
7f6a0071c000-7f6a00721000 r--s 0003c000 08:02 1316346                    /usr/lib/jvm/java-8-openjdk-amd64/jre/lib/ext/sunjce_provider.jar
7f6a00721000-7f6a00729000 rw-s 00000000 08:02 5244046                    /tmp/hsperfdata_supermt/684
7f6a00729000-7f6a0072a000 rw-p 00000000 00:00 0 
7f6a0072a000-7f6a0072b000 r--p 00000000 00:00 0 
7f6a0072b000-7f6a0072d000 rw-p 00000000 00:00 0 
7f6a0072d000-7f6a0072e000 r--p 00027000 08:02 1840108                    /lib/x86_64-linux-gnu/ld-2.27.so
7f6a0072e000-7f6a0072f000 rw-p 00028000 08:02 1840108                    /lib/x86_64-linux-gnu/ld-2.27.so
7f6a0072f000-7f6a00730000 rw-p 00000000 00:00 0 
7fff3ccc1000-7fff3cce3000 rw-p 00000000 00:00 0                          [stack]
7fff3cd60000-7fff3cd63000 r--p 00000000 00:00 0                          [vvar]
7fff3cd63000-7fff3cd64000 r-xp 00000000 00:00 0                          [vdso]
ffffffffff600000-ffffffffff601000 r-xp 00000000 00:00 0                  [vsyscall]

VM Arguments:
java_command: com.yahoo.ycsb.Client -db com.yahoo.ycsb.db.rocksdb.RocksDBClient -s -P workloads/workloada -p rocksdb.dir=/tmp/ycsb-rocksdb-data -load
java_class_path (initial): /home/supermt/git/YCSB/rocksdb/conf:/home/supermt/git/YCSB/rocksdb/target/rocksdb-binding-0.17.0-SNAPSHOT.jar:/home/supermt/.m2/repository/org/apache/htrace/htrace-core4/4.1.0-incubating/htrace-core4-4.1.0-incubating.jar:/home/supermt/.m2/repository/org/slf4j/slf4j-api/1.7.25/slf4j-api-1.7.25.jar:/home/supermt/.m2/repository/org/rocksdb/rocksdbjni/5.11.3/rocksdbjni-5.11.3.jar:/home/supermt/.m2/repository/net/jcip/jcip-annotations/1.0/jcip-annotations-1.0.jar:/home/supermt/.m2/repository/org/hdrhistogram/HdrHistogram/2.1.4/HdrHistogram-2.1.4.jar:/home/supermt/.m2/repository/org/codehaus/jackson/jackson-mapper-asl/1.9.4/jackson-mapper-asl-1.9.4.jar:/home/supermt/git/YCSB/core/target/core-0.17.0-SNAPSHOT.jar:/home/supermt/.m2/repository/org/codehaus/jackson/jackson-core-asl/1.9.4/jackson-core-asl-1.9.4.jar
Launcher Type: SUN_STANDARD

Environment Variables:
JAVA_HOME=/usr/lib/jvm/java-1.8.0-openjdk-amd64/
PATH=/usr/local/sbin:/usr/local/bin:/usr/sbin:/usr/bin:/sbin:/bin:/usr/games:/usr/local/games:/snap/bin
SHELL=/bin/bash
DISPLAY=:0

Signal Handlers:
SIGSEGV: [libjvm.so+0xab92f0], sa_mask[0]=11111111011111111101111111111110, sa_flags=SA_RESTART|SA_SIGINFO
SIGBUS: [libjvm.so+0xab92f0], sa_mask[0]=11111111011111111101111111111110, sa_flags=SA_RESTART|SA_SIGINFO
SIGFPE: [libjvm.so+0x8ee560], sa_mask[0]=11111111011111111101111111111110, sa_flags=SA_RESTART|SA_SIGINFO
SIGPIPE: [libjvm.so+0x8ee560], sa_mask[0]=11111111011111111101111111111110, sa_flags=SA_RESTART|SA_SIGINFO
SIGXFSZ: [libjvm.so+0x8ee560], sa_mask[0]=11111111011111111101111111111110, sa_flags=SA_RESTART|SA_SIGINFO
SIGILL: [libjvm.so+0x8ee560], sa_mask[0]=11111111011111111101111111111110, sa_flags=SA_RESTART|SA_SIGINFO
SIGUSR1: SIG_DFL, sa_mask[0]=00000000000000000000000000000000, sa_flags=none
SIGUSR2: [libjvm.so+0x8ee410], sa_mask[0]=00000000000000000000000000000000, sa_flags=SA_RESTART|SA_SIGINFO
SIGHUP: [libjvm.so+0x8eea80], sa_mask[0]=11111111011111111101111111111110, sa_flags=SA_RESTART|SA_SIGINFO
SIGINT: [libjvm.so+0x8eea80], sa_mask[0]=11111111011111111101111111111110, sa_flags=SA_RESTART|SA_SIGINFO
SIGTERM: [libjvm.so+0x8eea80], sa_mask[0]=11111111011111111101111111111110, sa_flags=SA_RESTART|SA_SIGINFO
SIGQUIT: [libjvm.so+0x8eea80], sa_mask[0]=11111111011111111101111111111110, sa_flags=SA_RESTART|SA_SIGINFO


---------------  S Y S T E M  ---------------

OS:DISTRIB_ID=Ubuntu
DISTRIB_RELEASE=18.04
DISTRIB_CODENAME=bionic
DISTRIB_DESCRIPTION="Ubuntu 18.04.3 LTS"

uname:Linux 5.0.0-25-generic #26~18.04.1-Ubuntu SMP Thu Aug 1 13:51:02 UTC 2019 x86_64
libc:glibc 2.27 NPTL 2.27 
rlimit: STACK 8192k, CORE 0k, NPROC 127876, NOFILE 4096, AS infinity
load average:2.56 2.21 2.92

/proc/meminfo:
MemTotal:       32806600 kB
MemFree:         5536136 kB
MemAvailable:   22762968 kB
Buffers:          213688 kB
Cached:         17817772 kB
SwapCached:            0 kB
Active:         12848852 kB
Inactive:       13179020 kB
Active(anon):    7614448 kB
Inactive(anon):  1233312 kB
Active(file):    5234404 kB
Inactive(file): 11945708 kB
Unevictable:      113384 kB
Mlocked:             116 kB
SwapTotal:       2097148 kB
SwapFree:        2097148 kB
Dirty:              9928 kB
Writeback:             0 kB
AnonPages:       8110416 kB
Mapped:          1159720 kB
Shmem:            889380 kB
KReclaimable:     674592 kB
Slab:             772616 kB
SReclaimable:     674592 kB
SUnreclaim:        98024 kB
KernelStack:       28172 kB
PageTables:       142960 kB
NFS_Unstable:          0 kB
Bounce:                0 kB
WritebackTmp:          0 kB
CommitLimit:    18500448 kB
Committed_AS:   26763940 kB
VmallocTotal:   34359738367 kB
VmallocUsed:           0 kB
VmallocChunk:          0 kB
Percpu:             2432 kB
HardwareCorrupted:     0 kB
AnonHugePages:         0 kB
ShmemHugePages:        0 kB
ShmemPmdMapped:        0 kB
CmaTotal:              0 kB
CmaFree:               0 kB
HugePages_Total:       0
HugePages_Free:        0
HugePages_Rsvd:        0
HugePages_Surp:        0
Hugepagesize:       2048 kB
Hugetlb:               0 kB
DirectMap4k:      457004 kB
DirectMap2M:    18286592 kB
DirectMap1G:    15728640 kB

container (cgroup) information:
container_type: cgroupv1
cpu_cpuset_cpus: 0-7
cpu_memory_nodes: 0
active_processor_count: 8
cpu_quota: -1
cpu_period: 100000
cpu_shares: -1
memory_limit_in_bytes: -1
memory_and_swap_limit_in_bytes: -2
memory_soft_limit_in_bytes: -1
memory_usage_in_bytes: 26769326080
memory_max_usage_in_bytes: 63127552


CPU:total 8 (initial active 8) (4 cores per cpu, 2 threads per core) family 6 model 60 stepping 3, cmov, cx8, fxsr, mmx, sse, sse2, sse3, ssse3, sse4.1, sse4.2, popcnt, avx, avx2, aes, clmul, erms, lzcnt, ht, tsc, tscinvbit, bmi1, bmi2

/proc/cpuinfo:
processor	: 0
vendor_id	: GenuineIntel
cpu family	: 6
model		: 60
model name	: Intel(R) Core(TM) i7-4790 CPU @ 3.60GHz
stepping	: 3
microcode	: 0x27
cpu MHz		: 2618.276
cache size	: 8192 KB
physical id	: 0
siblings	: 8
core id		: 0
cpu cores	: 4
apicid		: 0
initial apicid	: 0
fpu		: yes
fpu_exception	: yes
cpuid level	: 13
wp		: yes
flags		: fpu vme de pse tsc msr pae mce cx8 apic sep mtrr pge mca cmov pat pse36 clflush dts acpi mmx fxsr sse sse2 ss ht tm pbe syscall nx pdpe1gb rdtscp lm constant_tsc arch_perfmon pebs bts rep_good nopl xtopology nonstop_tsc cpuid aperfmperf pni pclmulqdq dtes64 monitor ds_cpl vmx smx est tm2 ssse3 sdbg fma cx16 xtpr pdcm pcid sse4_1 sse4_2 x2apic movbe popcnt tsc_deadline_timer aes xsave avx f16c rdrand lahf_lm abm cpuid_fault epb invpcid_single pti ssbd ibrs ibpb stibp tpr_shadow vnmi flexpriority ept vpid ept_ad fsgsbase tsc_adjust bmi1 avx2 smep bmi2 erms invpcid xsaveopt dtherm ida arat pln pts md_clear flush_l1d
bugs		: cpu_meltdown spectre_v1 spectre_v2 spec_store_bypass l1tf mds swapgs
bogomips	: 7183.40
clflush size	: 64
cache_alignment	: 64
address sizes	: 39 bits physical, 48 bits virtual
power management:

processor	: 1
vendor_id	: GenuineIntel
cpu family	: 6
model		: 60
model name	: Intel(R) Core(TM) i7-4790 CPU @ 3.60GHz
stepping	: 3
microcode	: 0x27
cpu MHz		: 2825.840
cache size	: 8192 KB
physical id	: 0
siblings	: 8
core id		: 1
cpu cores	: 4
apicid		: 2
initial apicid	: 2
fpu		: yes
fpu_exception	: yes
cpuid level	: 13
wp		: yes
flags		: fpu vme de pse tsc msr pae mce cx8 apic sep mtrr pge mca cmov pat pse36 clflush dts acpi mmx fxsr sse sse2 ss ht tm pbe syscall nx pdpe1gb rdtscp lm constant_tsc arch_perfmon pebs bts rep_good nopl xtopology nonstop_tsc cpuid aperfmperf pni pclmulqdq dtes64 monitor ds_cpl vmx smx est tm2 ssse3 sdbg fma cx16 xtpr pdcm pcid sse4_1 sse4_2 x2apic movbe popcnt tsc_deadline_timer aes xsave avx f16c rdrand lahf_lm abm cpuid_fault epb invpcid_single pti ssbd ibrs ibpb stibp tpr_shadow vnmi flexpriority ept vpid ept_ad fsgsbase tsc_adjust bmi1 avx2 smep bmi2 erms invpcid xsaveopt dtherm ida arat pln pts md_clear flush_l1d
bugs		: cpu_meltdown spectre_v1 spectre_v2 spec_store_bypass l1tf mds swapgs
bogomips	: 7183.40
clflush size	: 64
cache_alignment	: 64
address sizes	: 39 bits physical, 48 bits virtual
power management:

processor	: 2
vendor_id	: GenuineIntel
cpu family	: 6
model		: 60
model name	: Intel(R) Core(TM) i7-4790 CPU @ 3.60GHz
stepping	: 3
microcode	: 0x27
cpu MHz		: 3170.786
cache size	: 8192 KB
physical id	: 0
siblings	: 8
core id		: 2
cpu cores	: 4
apicid		: 4
initial apicid	: 4
fpu		: yes
fpu_exception	: yes
cpuid level	: 13
wp		: yes
flags		: fpu vme de pse tsc msr pae mce cx8 apic sep mtrr pge mca cmov pat pse36 clflush dts acpi mmx fxsr sse sse2 ss ht tm pbe syscall nx pdpe1gb rdtscp lm constant_tsc arch_perfmon pebs bts rep_good nopl xtopology nonstop_tsc cpuid aperfmperf pni pclmulqdq dtes64 monitor ds_cpl vmx smx est tm2 ssse3 sdbg fma cx16 xtpr pdcm pcid sse4_1 sse4_2 x2apic movbe popcnt tsc_deadline_timer aes xsave avx f16c rdrand lahf_lm abm cpuid_fault epb invpcid_single pti ssbd ibrs ibpb stibp tpr_shadow vnmi flexpriority ept vpid ept_ad fsgsbase tsc_adjust bmi1 avx2 smep bmi2 erms invpcid xsaveopt dtherm ida arat pln pts md_clear flush_l1d
bugs		: cpu_meltdown spectre_v1 spectre_v2 spec_store_bypass l1tf mds swapgs
bogomips	: 7183.40
clflush size	: 64
cache_alignment	: 64
address sizes	: 39 bits physical, 48 bits virtual
power management:

processor	: 3
vendor_id	: GenuineIntel
cpu family	: 6
model		: 60
model name	: Intel(R) Core(TM) i7-4790 CPU @ 3.60GHz
stepping	: 3
microcode	: 0x27
cpu MHz		: 2550.289
cache size	: 8192 KB
physical id	: 0
siblings	: 8
core id		: 3
cpu cores	: 4
apicid		: 6
initial apicid	: 6
fpu		: yes
fpu_exception	: yes
cpuid level	: 13
wp		: yes
flags		: fpu vme de pse tsc msr pae mce cx8 apic sep mtrr pge mca cmov pat pse36 clflush dts acpi mmx fxsr sse sse2 ss ht tm pbe syscall nx pdpe1gb rdtscp lm constant_tsc arch_perfmon pebs bts rep_good nopl xtopology nonstop_tsc cpuid aperfmperf pni pclmulqdq dtes64 monitor ds_cpl vmx smx est tm2 ssse3 sdbg fma cx16 xtpr pdcm pcid sse4_1 sse4_2 x2apic movbe popcnt tsc_deadline_timer aes xsave avx f16c rdrand lahf_lm abm cpuid_fault epb invpcid_single pti ssbd ibrs ibpb stibp tpr_shadow vnmi flexpriority ept vpid ept_ad fsgsbase tsc_adjust bmi1 avx2 smep bmi2 erms invpcid xsaveopt dtherm ida arat pln pts md_clear flush_l1d
bugs		: cpu_meltdown spectre_v1 spectre_v2 spec_store_bypass l1tf mds swapgs
bogomips	: 7183.40
clflush size	: 64
cache_alignment	: 64
address sizes	: 39 bits physical, 48 bits virtual
power management:

processor	: 4
vendor_id	: GenuineIntel
cpu family	: 6
model		: 60
model name	: Intel(R) Core(TM) i7-4790 CPU @ 3.60GHz
stepping	: 3
microcode	: 0x27
cpu MHz		: 2935.406
cache size	: 8192 KB
physical id	: 0
siblings	: 8
core id		: 0
cpu cores	: 4
apicid		: 1
initial apicid	: 1
fpu		: yes
fpu_exception	: yes
cpuid level	: 13
wp		: yes
flags		: fpu vme de pse tsc msr pae mce cx8 apic sep mtrr pge mca cmov pat pse36 clflush dts acpi mmx fxsr sse sse2 ss ht tm pbe syscall nx pdpe1gb rdtscp lm constant_tsc arch_perfmon pebs bts rep_good nopl xtopology nonstop_tsc cpuid aperfmperf pni pclmulqdq dtes64 monitor ds_cpl vmx smx est tm2 ssse3 sdbg fma cx16 xtpr pdcm pcid sse4_1 sse4_2 x2apic movbe popcnt tsc_deadline_timer aes xsave avx f16c rdrand lahf_lm abm cpuid_fault epb invpcid_single pti ssbd ibrs ibpb stibp tpr_shadow vnmi flexpriority ept vpid ept_ad fsgsbase tsc_adjust bmi1 avx2 smep bmi2 erms invpcid xsaveopt dtherm ida arat pln pts md_clear flush_l1d
bugs		: cpu_meltdown spectre_v1 spectre_v2 spec_store_bypass l1tf mds swapgs
bogomips	: 7183.40
clflush size	: 64
cache_alignment	: 64
address sizes	: 39 bits physical, 48 bits virtual
power management:

processor	: 5
vendor_id	: GenuineIntel
cpu family	: 6
model		: 60
model name	: Intel(R) Core(TM) i7-4790 CPU @ 3.60GHz
stepping	: 3
microcode	: 0x27
cpu MHz		: 2835.197
cache size	: 8192 KB
physical id	: 0
siblings	: 8
core id		: 1
cpu cores	: 4
apicid		: 3
initial apicid	: 3
fpu		: yes
fpu_exception	: yes
cpuid level	: 13
wp		: yes
flags		: fpu vme de pse tsc msr pae mce cx8 apic sep mtrr pge mca cmov pat pse36 clflush dts acpi mmx fxsr sse sse2 ss ht tm pbe syscall nx pdpe1gb rdtscp lm constant_tsc arch_perfmon pebs bts rep_good nopl xtopology nonstop_tsc cpuid aperfmperf pni pclmulqdq dtes64 monitor ds_cpl vmx smx est tm2 ssse3 sdbg fma cx16 xtpr pdcm pcid sse4_1 sse4_2 x2apic movbe popcnt tsc_deadline_timer aes xsave avx f16c rdrand lahf_lm abm cpuid_fault epb invpcid_single pti ssbd ibrs ibpb stibp tpr_shadow vnmi flexpriority ept vpid ept_ad fsgsbase tsc_adjust bmi1 avx2 smep bmi2 erms invpcid xsaveopt dtherm ida arat pln pts md_clear flush_l1d
bugs		: cpu_meltdown spectre_v1 spectre_v2 spec_store_bypass l1tf mds swapgs
bogomips	: 7183.40
clflush size	: 64
cache_alignment	: 64
address sizes	: 39 bits physical, 48 bits virtual
power management:

processor	: 6
vendor_id	: GenuineIntel
cpu family	: 6
model		: 60
model name	: Intel(R) Core(TM) i7-4790 CPU @ 3.60GHz
stepping	: 3
microcode	: 0x27
cpu MHz		: 2743.240
cache size	: 8192 KB
physical id	: 0
siblings	: 8
core id		: 2
cpu cores	: 4
apicid		: 5
initial apicid	: 5
fpu		: yes
fpu_exception	: yes
cpuid level	: 13
wp		: yes
flags		: fpu vme de pse tsc msr pae mce cx8 apic sep mtrr pge mca cmov pat pse36 clflush dts acpi mmx fxsr sse sse2 ss ht tm pbe syscall nx pdpe1gb rdtscp lm constant_tsc arch_perfmon pebs bts rep_good nopl xtopology nonstop_tsc cpuid aperfmperf pni pclmulqdq dtes64 monitor ds_cpl vmx smx est tm2 ssse3 sdbg fma cx16 xtpr pdcm pcid sse4_1 sse4_2 x2apic movbe popcnt tsc_deadline_timer aes xsave avx f16c rdrand lahf_lm abm cpuid_fault epb invpcid_single pti ssbd ibrs ibpb stibp tpr_shadow vnmi flexpriority ept vpid ept_ad fsgsbase tsc_adjust bmi1 avx2 smep bmi2 erms invpcid xsaveopt dtherm ida arat pln pts md_clear flush_l1d
bugs		: cpu_meltdown spectre_v1 spectre_v2 spec_store_bypass l1tf mds swapgs
bogomips	: 7183.40
clflush size	: 64
cache_alignment	: 64
address sizes	: 39 bits physical, 48 bits virtual
power management:

processor	: 7
vendor_id	: GenuineIntel
cpu family	: 6
model		: 60
model name	: Intel(R) Core(TM) i7-4790 CPU @ 3.60GHz
stepping	: 3
microcode	: 0x27
cpu MHz		: 3099.546
cache size	: 8192 KB
physical id	: 0
siblings	: 8
core id		: 3
cpu cores	: 4
apicid		: 7
initial apicid	: 7
fpu		: yes
fpu_exception	: yes
cpuid level	: 13
wp		: yes
flags		: fpu vme de pse tsc msr pae mce cx8 apic sep mtrr pge mca cmov pat pse36 clflush dts acpi mmx fxsr sse sse2 ss ht tm pbe syscall nx pdpe1gb rdtscp lm constant_tsc arch_perfmon pebs bts rep_good nopl xtopology nonstop_tsc cpuid aperfmperf pni pclmulqdq dtes64 monitor ds_cpl vmx smx est tm2 ssse3 sdbg fma cx16 xtpr pdcm pcid sse4_1 sse4_2 x2apic movbe popcnt tsc_deadline_timer aes xsave avx f16c rdrand lahf_lm abm cpuid_fault epb invpcid_single pti ssbd ibrs ibpb stibp tpr_shadow vnmi flexpriority ept vpid ept_ad fsgsbase tsc_adjust bmi1 avx2 smep bmi2 erms invpcid xsaveopt dtherm ida arat pln pts md_clear flush_l1d
bugs		: cpu_meltdown spectre_v1 spectre_v2 spec_store_bypass l1tf mds swapgs
bogomips	: 7183.40
clflush size	: 64
cache_alignment	: 64
address sizes	: 39 bits physical, 48 bits virtual
power management:



Memory: 4k page, physical 32806600k(5535916k free), swap 2097148k(2097148k free)

vm_info: OpenJDK 64-Bit Server VM (25.222-b10) for linux-amd64 JRE (1.8.0_222-8u222-b10-1ubuntu1~18.04.1-b10), built on Jul 18 2019 18:52:48 by "buildd" with gcc 7.4.0

time: Mon Sep  9 15:57:41 2019
timezone: KST
elapsed time: 0 seconds (0d 0h 0m 0s)

